

Started GET "/assets/rails.png" for 127.0.0.1 at Mon Dec 05 10:38:53 +0900 2011
Served asset /rails.png - 304 Not Modified (4ms)


Started GET "/posts" for 127.0.0.1 at Mon Dec 05 10:38:56 +0900 2011
  Processing by PostsController#index as HTML
Completed 500 Internal Server Error in 1ms

ActiveRecord::StatementInvalid (Could not find table 'posts'):
  app/controllers/posts_controller.rb:5:in `index'

Rendered /Library/Ruby/Gems/1.8/gems/actionpack-3.1.3/lib/action_dispatch/middleware/templates/rescues/_trace.erb (1.4ms)
Rendered /Library/Ruby/Gems/1.8/gems/actionpack-3.1.3/lib/action_dispatch/middleware/templates/rescues/_request_and_response.erb (0.9ms)
Rendered /Library/Ruby/Gems/1.8/gems/actionpack-3.1.3/lib/action_dispatch/middleware/templates/rescues/diagnostics.erb within rescues/layout (7.7ms)
  [1m[36m (1.6ms)[0m  [1mselect sqlite_version(*)[0m
  [1m[35m (1.3ms)[0m  CREATE TABLE "schema_migrations" ("version" varchar(255) NOT NULL) 
  [1m[36m (0.0ms)[0m  [1mPRAGMA index_list("schema_migrations")[0m
  [1m[35m (1.3ms)[0m  CREATE UNIQUE INDEX "unique_schema_migrations" ON "schema_migrations" ("version")
  [1m[36m (0.1ms)[0m  [1mSELECT "schema_migrations"."version" FROM "schema_migrations" [0m
Migrating to CreatePosts (20111205013755)
  [1m[35m (0.4ms)[0m  CREATE TABLE "posts" ("id" INTEGER PRIMARY KEY AUTOINCREMENT NOT NULL, "title" varchar(255), "body" text, "created_at" datetime, "updated_at" datetime) 
  [1m[36m (0.1ms)[0m  [1mINSERT INTO "schema_migrations" ("version") VALUES ('20111205013755')[0m
  [1m[35m (0.1ms)[0m  select sqlite_version(*)
  [1m[36m (0.1ms)[0m  [1mSELECT "schema_migrations"."version" FROM "schema_migrations" [0m
  [1m[35m (0.0ms)[0m  PRAGMA index_list("posts")
  [1m[36m (0.1ms)[0m  [1mSELECT "schema_migrations"."version" FROM "schema_migrations" [0m
  [1m[35m (0.1ms)[0m  select sqlite_version(*)
  [1m[36m (1.3ms)[0m  [1mCREATE TABLE "posts" ("id" INTEGER PRIMARY KEY AUTOINCREMENT NOT NULL, "title" varchar(255), "body" text, "created_at" datetime, "updated_at" datetime) [0m
  [1m[35m (1.1ms)[0m  CREATE TABLE "schema_migrations" ("version" varchar(255) NOT NULL) 
  [1m[36m (0.0ms)[0m  [1mPRAGMA index_list("schema_migrations")[0m
  [1m[35m (1.2ms)[0m  CREATE UNIQUE INDEX "unique_schema_migrations" ON "schema_migrations" ("version")
  [1m[36m (0.1ms)[0m  [1mSELECT version FROM "schema_migrations"[0m
  [1m[35m (1.1ms)[0m  INSERT INTO "schema_migrations" (version) VALUES ('20111205013755')


Started GET "/assets/rails.png" for 127.0.0.1 at 2011-12-05 10:46:55 +0900
Served asset /rails.png - 304 Not Modified (5ms)


Started GET "/rails/info/properties" for 127.0.0.1 at 2011-12-05 10:46:55 +0900
  [1m[36m (0.1ms)[0m  [1mSELECT "schema_migrations"."version" FROM "schema_migrations" [0m
  Processing by Rails::InfoController#properties as */*
Rendered inline template (3.5ms)
Completed 200 OK in 33ms (Views: 32.5ms | ActiveRecord: 0.0ms)


Started GET "/posts" for 127.0.0.1 at 2011-12-05 10:47:02 +0900
  Processing by PostsController#index as HTML
  [1m[35mPost Load (0.2ms)[0m  SELECT "posts".* FROM "posts" 
Rendered posts/index.html.erb within layouts/application (1.1ms)
Compiled application.css  (2ms)  (pid 1374)
Compiled posts.css  (3ms)  (pid 1374)
Compiled scaffolds.css  (12ms)  (pid 1374)
Compiled application.js  (7ms)  (pid 1374)
Compiled jquery.js  (4ms)  (pid 1374)
Compiled jquery_ujs.js  (1ms)  (pid 1374)
Compiled posts.js  (114ms)  (pid 1374)
Completed 200 OK in 259ms (Views: 257.9ms | ActiveRecord: 0.2ms)


Started GET "/assets/application.css?body=1" for 127.0.0.1 at 2011-12-05 10:47:02 +0900
Served asset /application.css - 200 OK (0ms)


Started GET "/assets/scaffolds.css?body=1" for 127.0.0.1 at 2011-12-05 10:47:02 +0900
Served asset /scaffolds.css - 200 OK (5ms)


Started GET "/assets/jquery.js?body=1" for 127.0.0.1 at 2011-12-05 10:47:02 +0900
Served asset /jquery.js - 200 OK (4ms)


Started GET "/assets/posts.css?body=1" for 127.0.0.1 at 2011-12-05 10:47:02 +0900
Served asset /posts.css - 200 OK (2ms)


Started GET "/assets/jquery_ujs.js?body=1" for 127.0.0.1 at 2011-12-05 10:47:02 +0900
Served asset /jquery_ujs.js - 200 OK (3ms)


Started GET "/assets/application.js?body=1" for 127.0.0.1 at 2011-12-05 10:47:02 +0900
Served asset /application.js - 200 OK (0ms)


Started GET "/assets/posts.js?body=1" for 127.0.0.1 at 2011-12-05 10:47:02 +0900
Served asset /posts.js - 200 OK (1ms)


Started GET "/posts" for 127.0.0.1 at 2011-12-05 19:07:21 +0900
  Processing by PostsController#index as HTML
  [1m[36mPost Load (0.5ms)[0m  [1mSELECT "posts".* FROM "posts" [0m
Rendered posts/index.html.erb within layouts/application (8.4ms)
Completed 200 OK in 120ms (Views: 102.8ms | ActiveRecord: 0.8ms)


Started GET "/assets/application.css?body=1" for 127.0.0.1 at 2011-12-05 19:07:21 +0900
Served asset /application.css - 304 Not Modified (0ms)


Started GET "/assets/posts.css?body=1" for 127.0.0.1 at 2011-12-05 19:07:21 +0900
Served asset /posts.css - 200 OK (0ms)


Started GET "/assets/scaffolds.css?body=1" for 127.0.0.1 at 2011-12-05 19:07:21 +0900
Served asset /scaffolds.css - 304 Not Modified (0ms)


Started GET "/assets/jquery.js?body=1" for 127.0.0.1 at 2011-12-05 19:07:21 +0900
Served asset /jquery.js - 304 Not Modified (0ms)


Started GET "/assets/posts.js?body=1" for 127.0.0.1 at 2011-12-05 19:07:21 +0900
Served asset /posts.js - 304 Not Modified (0ms)


Started GET "/assets/jquery_ujs.js?body=1" for 127.0.0.1 at 2011-12-05 19:07:21 +0900
Served asset /jquery_ujs.js - 304 Not Modified (0ms)


Started GET "/assets/application.js?body=1" for 127.0.0.1 at 2011-12-05 19:07:22 +0900
Served asset /application.js - 304 Not Modified (0ms)


Started GET "/posts/new" for 127.0.0.1 at 2011-12-05 19:07:28 +0900
  Processing by PostsController#new as HTML
Rendered posts/_form.html.erb (15.1ms)
Rendered posts/new.html.erb within layouts/application (38.4ms)
Completed 200 OK in 50ms (Views: 48.5ms | ActiveRecord: 0.2ms)


Started GET "/assets/application.css?body=1" for 127.0.0.1 at 2011-12-05 19:07:28 +0900
Served asset /application.css - 304 Not Modified (0ms)


Started GET "/assets/scaffolds.css?body=1" for 127.0.0.1 at 2011-12-05 19:07:28 +0900
Served asset /scaffolds.css - 304 Not Modified (0ms)


Started GET "/assets/posts.js?body=1" for 127.0.0.1 at 2011-12-05 19:07:28 +0900
Served asset /posts.js - 304 Not Modified (0ms)


Started GET "/assets/jquery.js?body=1" for 127.0.0.1 at 2011-12-05 19:07:28 +0900
Served asset /jquery.js - 304 Not Modified (0ms)


Started GET "/assets/jquery_ujs.js?body=1" for 127.0.0.1 at 2011-12-05 19:07:28 +0900
Served asset /jquery_ujs.js - 304 Not Modified (0ms)


Started GET "/assets/application.js?body=1" for 127.0.0.1 at 2011-12-05 19:07:28 +0900
Served asset /application.js - 304 Not Modified (0ms)
  [1m[36m (0.6ms)[0m  [1mSELECT "schema_migrations"."version" FROM "schema_migrations" [0m
Migrating to CreatePosts (20111205013755)
  [1m[35m (0.9ms)[0m  select sqlite_version(*)
  [1m[36m (0.1ms)[0m  [1mSELECT "schema_migrations"."version" FROM "schema_migrations" [0m
  [1m[35m (0.0ms)[0m  PRAGMA index_list("posts")
  [1m[36m (0.2ms)[0m  [1mSELECT "schema_migrations"."version" FROM "schema_migrations" [0m
  [1m[35m (0.2ms)[0m  select sqlite_version(*)
  [1m[36m (1.5ms)[0m  [1mCREATE TABLE "posts" ("id" INTEGER PRIMARY KEY AUTOINCREMENT NOT NULL, "title" varchar(255), "body" text, "created_at" datetime, "updated_at" datetime) [0m
  [1m[35m (0.9ms)[0m  CREATE TABLE "schema_migrations" ("version" varchar(255) NOT NULL) 
  [1m[36m (0.0ms)[0m  [1mPRAGMA index_list("schema_migrations")[0m
  [1m[35m (1.2ms)[0m  CREATE UNIQUE INDEX "unique_schema_migrations" ON "schema_migrations" ("version")
  [1m[36m (0.1ms)[0m  [1mSELECT version FROM "schema_migrations"[0m
  [1m[35m (1.1ms)[0m  INSERT INTO "schema_migrations" (version) VALUES ('20111205013755')


Started GET "/assets/rails.png" for 127.0.0.1 at 2011-12-07 13:03:57 +0900
Served asset /rails.png - 304 Not Modified (4ms)


Started GET "/posts" for 127.0.0.1 at 2011-12-07 13:04:02 +0900
  Processing by PostsController#index as HTML
  [1m[36mPost Load (0.2ms)[0m  [1mSELECT "posts".* FROM "posts" [0m
Rendered posts/index.html.erb within layouts/application (3.2ms)
Completed 200 OK in 54ms (Views: 52.4ms | ActiveRecord: 0.2ms)


Started GET "/assets/application.css?body=1" for 127.0.0.1 at 2011-12-07 13:04:02 +0900
Served asset /application.css - 200 OK (2ms)


Started GET "/assets/posts.css?body=1" for 127.0.0.1 at 2011-12-07 13:04:02 +0900
Served asset /posts.css - 200 OK (2ms)


Started GET "/assets/scaffolds.css?body=1" for 127.0.0.1 at 2011-12-07 13:04:02 +0900
Served asset /scaffolds.css - 304 Not Modified (2ms)


Started GET "/assets/application.js?body=1" for 127.0.0.1 at 2011-12-07 13:04:02 +0900
Served asset /application.js - 304 Not Modified (1ms)


Started GET "/assets/jquery_ujs.js?body=1" for 127.0.0.1 at 2011-12-07 13:04:02 +0900
Served asset /jquery_ujs.js - 304 Not Modified (1ms)


Started GET "/assets/jquery.js?body=1" for 127.0.0.1 at 2011-12-07 13:04:02 +0900
Served asset /jquery.js - 304 Not Modified (2ms)


Started GET "/assets/posts.js?body=1" for 127.0.0.1 at 2011-12-07 13:04:02 +0900
Served asset /posts.js - 304 Not Modified (1ms)


Started GET "/posts/new" for 127.0.0.1 at 2011-12-07 13:04:09 +0900
  Processing by PostsController#new as HTML
Rendered posts/_form.html.erb (14.4ms)
Rendered posts/new.html.erb within layouts/application (19.8ms)
Completed 200 OK in 29ms (Views: 27.9ms | ActiveRecord: 0.4ms)


Started GET "/assets/scaffolds.css?body=1" for 127.0.0.1 at 2011-12-07 13:04:09 +0900
Served asset /scaffolds.css - 304 Not Modified (0ms)


Started GET "/assets/jquery.js?body=1" for 127.0.0.1 at 2011-12-07 13:04:09 +0900
Served asset /jquery.js - 304 Not Modified (0ms)


Started GET "/assets/posts.js?body=1" for 127.0.0.1 at 2011-12-07 13:04:09 +0900
Served asset /posts.js - 304 Not Modified (2ms)


Started GET "/assets/jquery_ujs.js?body=1" for 127.0.0.1 at 2011-12-07 13:04:09 +0900
Served asset /jquery_ujs.js - 304 Not Modified (0ms)


Started GET "/assets/application.js?body=1" for 127.0.0.1 at 2011-12-07 13:04:09 +0900
Served asset /application.js - 304 Not Modified (1ms)


Started GET "/posts/new" for 127.0.0.1 at 2011-12-07 13:04:34 +0900
  Processing by PostsController#new as HTML
Rendered posts/_form.html.erb (7.4ms)
Rendered posts/new.html.erb within layouts/application (8.3ms)
Completed 200 OK in 16ms (Views: 15.0ms | ActiveRecord: 0.2ms)


Started GET "/assets/scaffolds.css?body=1" for 127.0.0.1 at 2011-12-07 13:04:35 +0900
Served asset /scaffolds.css - 304 Not Modified (0ms)


Started GET "/assets/jquery_ujs.js?body=1" for 127.0.0.1 at 2011-12-07 13:04:35 +0900
Served asset /jquery_ujs.js - 304 Not Modified (0ms)


Started GET "/assets/posts.js?body=1" for 127.0.0.1 at 2011-12-07 13:04:35 +0900
Served asset /posts.js - 304 Not Modified (0ms)


Started GET "/assets/application.js?body=1" for 127.0.0.1 at 2011-12-07 13:04:35 +0900
Served asset /application.js - 304 Not Modified (0ms)


Started GET "/assets/jquery.js?body=1" for 127.0.0.1 at 2011-12-07 13:04:35 +0900
Served asset /jquery.js - 304 Not Modified (0ms)


Started POST "/posts" for 127.0.0.1 at 2011-12-07 13:04:39 +0900
  Processing by PostsController#create as HTML
  Parameters: {"utf8"=>"âœ“", "authenticity_token"=>"zcK8udH6YZ0QnVhpaQGej0Pa7zjx+MseoqJoagqPcRk=", "post"=>{"title"=>"test post", "body"=>""}, "commit"=>"Create Post"}
  [1m[35mSQL (9.6ms)[0m  INSERT INTO "posts" ("body", "created_at", "title", "updated_at") VALUES (?, ?, ?, ?)  [["body", ""], ["created_at", Wed, 07 Dec 2011 04:04:39 UTC +00:00], ["title", "test post"], ["updated_at", Wed, 07 Dec 2011 04:04:39 UTC +00:00]]
Redirected to http://localhost:3000/posts/1
Completed 302 Found in 23ms


Started GET "/posts/1" for 127.0.0.1 at 2011-12-07 13:04:39 +0900
  Processing by PostsController#show as HTML
  Parameters: {"id"=>"1"}
  [1m[36mPost Load (0.2ms)[0m  [1mSELECT "posts".* FROM "posts" WHERE "posts"."id" = ? LIMIT 1[0m  [["id", "1"]]
Rendered posts/show.html.erb within layouts/application (6.2ms)
Completed 200 OK in 40ms (Views: 37.4ms | ActiveRecord: 0.5ms)


Started GET "/assets/scaffolds.css?body=1" for 127.0.0.1 at 2011-12-07 13:04:39 +0900
Served asset /scaffolds.css - 304 Not Modified (3ms)


Started GET "/assets/jquery.js?body=1" for 127.0.0.1 at 2011-12-07 13:04:39 +0900
Served asset /jquery.js - 304 Not Modified (0ms)


Started GET "/assets/posts.js?body=1" for 127.0.0.1 at 2011-12-07 13:04:39 +0900
Served asset /posts.js - 304 Not Modified (2ms)


Started GET "/assets/jquery_ujs.js?body=1" for 127.0.0.1 at 2011-12-07 13:04:39 +0900
Served asset /jquery_ujs.js - 304 Not Modified (0ms)


Started GET "/assets/application.js?body=1" for 127.0.0.1 at 2011-12-07 13:04:40 +0900
Served asset /application.js - 304 Not Modified (1ms)


Started GET "/posts" for 127.0.0.1 at 2011-12-07 13:04:42 +0900
  Processing by PostsController#index as HTML
  [1m[35mPost Load (0.2ms)[0m  SELECT "posts".* FROM "posts" 
Rendered posts/index.html.erb within layouts/application (10.2ms)
Completed 200 OK in 24ms (Views: 21.4ms | ActiveRecord: 0.7ms)


Started GET "/assets/scaffolds.css?body=1" for 127.0.0.1 at 2011-12-07 13:04:43 +0900
Served asset /scaffolds.css - 304 Not Modified (0ms)


Started GET "/assets/jquery_ujs.js?body=1" for 127.0.0.1 at 2011-12-07 13:04:43 +0900
Served asset /jquery_ujs.js - 304 Not Modified (0ms)


Started GET "/assets/jquery.js?body=1" for 127.0.0.1 at 2011-12-07 13:04:43 +0900
Served asset /jquery.js - 304 Not Modified (0ms)


Started GET "/assets/posts.js?body=1" for 127.0.0.1 at 2011-12-07 13:04:43 +0900
Served asset /posts.js - 304 Not Modified (1ms)


Started GET "/assets/application.js?body=1" for 127.0.0.1 at 2011-12-07 13:04:43 +0900
Served asset /application.js - 304 Not Modified (1ms)


Started GET "/posts/1/edit" for 127.0.0.1 at 2011-12-07 13:04:45 +0900
  Processing by PostsController#edit as HTML
  Parameters: {"id"=>"1"}
  [1m[36mPost Load (0.2ms)[0m  [1mSELECT "posts".* FROM "posts" WHERE "posts"."id" = ? LIMIT 1[0m  [["id", "1"]]
Rendered posts/_form.html.erb (10.1ms)
Rendered posts/edit.html.erb within layouts/application (13.0ms)
Completed 200 OK in 40ms (Views: 37.8ms | ActiveRecord: 0.7ms)


Started GET "/assets/scaffolds.css?body=1" for 127.0.0.1 at 2011-12-07 13:04:45 +0900
Served asset /scaffolds.css - 304 Not Modified (0ms)


Started GET "/assets/jquery_ujs.js?body=1" for 127.0.0.1 at 2011-12-07 13:04:45 +0900
Served asset /jquery_ujs.js - 304 Not Modified (0ms)


Started GET "/assets/jquery.js?body=1" for 127.0.0.1 at 2011-12-07 13:04:45 +0900
Served asset /jquery.js - 304 Not Modified (0ms)


Started GET "/assets/posts.js?body=1" for 127.0.0.1 at 2011-12-07 13:04:45 +0900
Served asset /posts.js - 304 Not Modified (0ms)


Started GET "/assets/application.js?body=1" for 127.0.0.1 at 2011-12-07 13:04:45 +0900
Served asset /application.js - 304 Not Modified (1ms)


Started PUT "/posts/1" for 127.0.0.1 at 2011-12-07 13:04:59 +0900
  Processing by PostsController#update as HTML
  Parameters: {"utf8"=>"âœ“", "authenticity_token"=>"zcK8udH6YZ0QnVhpaQGej0Pa7zjx+MseoqJoagqPcRk=", "post"=>{"title"=>"test post", "body"=>"this is a test posting.\r\n"}, "commit"=>"Update Post", "id"=>"1"}
  [1m[35mPost Load (0.2ms)[0m  SELECT "posts".* FROM "posts" WHERE "posts"."id" = ? LIMIT 1  [["id", "1"]]
  [1m[36m (0.4ms)[0m  [1mUPDATE "posts" SET "body" = 'this is a test posting.
', "updated_at" = '2011-12-07 04:04:59.060131' WHERE "posts"."id" = 1[0m
Redirected to http://localhost:3000/posts/1
Completed 302 Found in 12ms


Started GET "/posts/1" for 127.0.0.1 at 2011-12-07 13:04:59 +0900
  Processing by PostsController#show as HTML
  Parameters: {"id"=>"1"}
  [1m[35mPost Load (0.1ms)[0m  SELECT "posts".* FROM "posts" WHERE "posts"."id" = ? LIMIT 1  [["id", "1"]]
Rendered posts/show.html.erb within layouts/application (5.3ms)
Completed 200 OK in 15ms (Views: 12.4ms | ActiveRecord: 0.5ms)


Started GET "/assets/scaffolds.css?body=1" for 127.0.0.1 at 2011-12-07 13:04:59 +0900
Served asset /scaffolds.css - 304 Not Modified (0ms)


Started GET "/assets/jquery_ujs.js?body=1" for 127.0.0.1 at 2011-12-07 13:04:59 +0900
Served asset /jquery_ujs.js - 304 Not Modified (0ms)


Started GET "/assets/jquery.js?body=1" for 127.0.0.1 at 2011-12-07 13:04:59 +0900
Served asset /jquery.js - 304 Not Modified (0ms)


Started GET "/assets/application.js?body=1" for 127.0.0.1 at 2011-12-07 13:04:59 +0900
Served asset /application.js - 304 Not Modified (1ms)


Started GET "/assets/posts.js?body=1" for 127.0.0.1 at 2011-12-07 13:04:59 +0900
Served asset /posts.js - 304 Not Modified (0ms)


Started GET "/posts" for 127.0.0.1 at 2011-12-07 13:05:01 +0900
  Processing by PostsController#index as HTML
  [1m[36mPost Load (0.1ms)[0m  [1mSELECT "posts".* FROM "posts" [0m
Rendered posts/index.html.erb within layouts/application (6.5ms)
Completed 200 OK in 39ms (Views: 37.5ms | ActiveRecord: 0.5ms)


Started GET "/assets/scaffolds.css?body=1" for 127.0.0.1 at 2011-12-07 13:05:01 +0900
Served asset /scaffolds.css - 304 Not Modified (0ms)


Started GET "/assets/jquery.js?body=1" for 127.0.0.1 at 2011-12-07 13:05:01 +0900
Served asset /jquery.js - 304 Not Modified (0ms)


Started GET "/assets/posts.js?body=1" for 127.0.0.1 at 2011-12-07 13:05:01 +0900
Served asset /posts.js - 304 Not Modified (1ms)


Started GET "/assets/jquery_ujs.js?body=1" for 127.0.0.1 at 2011-12-07 13:05:01 +0900
Served asset /jquery_ujs.js - 304 Not Modified (0ms)


Started GET "/assets/application.js?body=1" for 127.0.0.1 at 2011-12-07 13:05:01 +0900
Served asset /application.js - 304 Not Modified (1ms)


Started DELETE "/posts/1" for 127.0.0.1 at 2011-12-07 13:05:16 +0900
  Processing by PostsController#destroy as HTML
  Parameters: {"authenticity_token"=>"zcK8udH6YZ0QnVhpaQGej0Pa7zjx+MseoqJoagqPcRk=", "id"=>"1"}
  [1m[35mPost Load (0.2ms)[0m  SELECT "posts".* FROM "posts" WHERE "posts"."id" = ? LIMIT 1  [["id", "1"]]
  [1m[36mSQL (0.3ms)[0m  [1mDELETE FROM "posts" WHERE "posts"."id" = ?[0m  [["id", 1]]
Redirected to http://localhost:3000/posts
Completed 302 Found in 11ms


Started GET "/posts" for 127.0.0.1 at 2011-12-07 13:05:16 +0900
  Processing by PostsController#index as HTML
  [1m[35mPost Load (0.1ms)[0m  SELECT "posts".* FROM "posts" 
Rendered posts/index.html.erb within layouts/application (0.6ms)
Completed 200 OK in 11ms (Views: 10.2ms | ActiveRecord: 0.2ms)


Started GET "/assets/scaffolds.css?body=1" for 127.0.0.1 at 2011-12-07 13:05:16 +0900
Served asset /scaffolds.css - 304 Not Modified (0ms)


Started GET "/assets/jquery.js?body=1" for 127.0.0.1 at 2011-12-07 13:05:16 +0900
Served asset /jquery.js - 304 Not Modified (0ms)


Started GET "/assets/jquery_ujs.js?body=1" for 127.0.0.1 at 2011-12-07 13:05:16 +0900
Served asset /jquery_ujs.js - 304 Not Modified (0ms)


Started GET "/assets/application.js?body=1" for 127.0.0.1 at 2011-12-07 13:05:16 +0900
Served asset /application.js - 304 Not Modified (1ms)


Started GET "/assets/posts.js?body=1" for 127.0.0.1 at 2011-12-07 13:05:16 +0900
Served asset /posts.js - 304 Not Modified (0ms)


Started GET "/posts" for 127.0.0.1 at 2011-12-07 13:08:53 +0900

ArgumentError (Unknown validator: 'PostValidator'):
  app/models/post.rb:2:in `<class:Post>'
  app/models/post.rb:1:in `<top (required)>'
  app/controllers/posts_controller.rb:1:in `<top (required)>'

Rendered /Users/yokmiyabi/.rvm/gems/ruby-1.9.3-p0@rails3/gems/actionpack-3.1.3/lib/action_dispatch/middleware/templates/rescues/_trace.erb (1.3ms)
Rendered /Users/yokmiyabi/.rvm/gems/ruby-1.9.3-p0@rails3/gems/actionpack-3.1.3/lib/action_dispatch/middleware/templates/rescues/_request_and_response.erb (2.5ms)
Rendered /Users/yokmiyabi/.rvm/gems/ruby-1.9.3-p0@rails3/gems/actionpack-3.1.3/lib/action_dispatch/middleware/templates/rescues/diagnostics.erb within rescues/layout (10.4ms)


Started GET "/posts" for 127.0.0.1 at 2011-12-07 13:10:41 +0900
  Processing by PostsController#index as HTML
  [1m[36mPost Load (0.2ms)[0m  [1mSELECT "posts".* FROM "posts" [0m
Rendered posts/index.html.erb within layouts/application (3.2ms)
Completed 200 OK in 33ms (Views: 31.4ms | ActiveRecord: 0.2ms)


Started GET "/assets/application.css?body=1" for 127.0.0.1 at 2011-12-07 13:10:42 +0900
Served asset /application.css - 304 Not Modified (23ms)


Started GET "/assets/jquery_ujs.js?body=1" for 127.0.0.1 at 2011-12-07 13:10:42 +0900
Served asset /jquery_ujs.js - 304 Not Modified (4ms)


Started GET "/assets/posts.css?body=1" for 127.0.0.1 at 2011-12-07 13:10:42 +0900
Served asset /posts.css - 304 Not Modified (2ms)


Started GET "/assets/scaffolds.css?body=1" for 127.0.0.1 at 2011-12-07 13:10:42 +0900
Served asset /scaffolds.css - 304 Not Modified (2ms)


Started GET "/assets/jquery.js?body=1" for 127.0.0.1 at 2011-12-07 13:10:42 +0900
Served asset /jquery.js - 304 Not Modified (3ms)


Started GET "/assets/application.js?body=1" for 127.0.0.1 at 2011-12-07 13:10:42 +0900
Served asset /application.js - 304 Not Modified (1ms)


Started GET "/assets/posts.js?body=1" for 127.0.0.1 at 2011-12-07 13:10:42 +0900
Served asset /posts.js - 304 Not Modified (1ms)


Started GET "/posts/new" for 127.0.0.1 at 2011-12-07 13:10:51 +0900
  Processing by PostsController#new as HTML
Rendered posts/_form.html.erb (10.1ms)
Rendered posts/new.html.erb within layouts/application (17.8ms)
Completed 200 OK in 27ms (Views: 26.2ms | ActiveRecord: 0.3ms)


Started GET "/assets/jquery_ujs.js?body=1" for 127.0.0.1 at 2011-12-07 13:10:51 +0900
Served asset /jquery_ujs.js - 304 Not Modified (0ms)


Started GET "/assets/scaffolds.css?body=1" for 127.0.0.1 at 2011-12-07 13:10:51 +0900
Served asset /scaffolds.css - 304 Not Modified (1ms)


Started GET "/assets/posts.css?body=1" for 127.0.0.1 at 2011-12-07 13:10:51 +0900
Served asset /posts.css - 304 Not Modified (0ms)


Started GET "/assets/posts.js?body=1" for 127.0.0.1 at 2011-12-07 13:10:51 +0900
Served asset /posts.js - 304 Not Modified (0ms)


Started GET "/assets/application.css?body=1" for 127.0.0.1 at 2011-12-07 13:10:51 +0900
Served asset /application.css - 304 Not Modified (1ms)


Started GET "/assets/jquery.js?body=1" for 127.0.0.1 at 2011-12-07 13:10:51 +0900
Served asset /jquery.js - 304 Not Modified (0ms)


Started GET "/assets/application.js?body=1" for 127.0.0.1 at 2011-12-07 13:10:51 +0900
Served asset /application.js - 304 Not Modified (0ms)


Started POST "/posts" for 127.0.0.1 at 2011-12-07 13:10:54 +0900
  Processing by PostsController#create as HTML
  Parameters: {"utf8"=>"âœ“", "authenticity_token"=>"zcK8udH6YZ0QnVhpaQGej0Pa7zjx+MseoqJoagqPcRk=", "post"=>{"title"=>"a", "body"=>"a"}, "commit"=>"Create Post"}
  [1m[35mSQL (7.6ms)[0m  INSERT INTO "posts" ("body", "created_at", "title", "updated_at") VALUES (?, ?, ?, ?)  [["body", "a"], ["created_at", Wed, 07 Dec 2011 04:10:54 UTC +00:00], ["title", "a"], ["updated_at", Wed, 07 Dec 2011 04:10:54 UTC +00:00]]
Redirected to http://localhost:3000/posts/2
Completed 302 Found in 17ms


Started GET "/posts/2" for 127.0.0.1 at 2011-12-07 13:10:54 +0900
  Processing by PostsController#show as HTML
  Parameters: {"id"=>"2"}
  [1m[36mPost Load (0.2ms)[0m  [1mSELECT "posts".* FROM "posts" WHERE "posts"."id" = ? LIMIT 1[0m  [["id", "2"]]
Rendered posts/show.html.erb within layouts/application (5.9ms)
Completed 200 OK in 16ms (Views: 13.9ms | ActiveRecord: 0.5ms)


Started GET "/assets/application.css?body=1" for 127.0.0.1 at 2011-12-07 13:10:54 +0900
Served asset /application.css - 304 Not Modified (1ms)


Started GET "/assets/posts.css?body=1" for 127.0.0.1 at 2011-12-07 13:10:54 +0900
Served asset /posts.css - 304 Not Modified (2ms)


Started GET "/assets/scaffolds.css?body=1" for 127.0.0.1 at 2011-12-07 13:10:54 +0900
Served asset /scaffolds.css - 304 Not Modified (0ms)


Started GET "/assets/jquery.js?body=1" for 127.0.0.1 at 2011-12-07 13:10:54 +0900
Served asset /jquery.js - 304 Not Modified (0ms)


Started GET "/assets/posts.js?body=1" for 127.0.0.1 at 2011-12-07 13:10:54 +0900
Served asset /posts.js - 304 Not Modified (0ms)


Started GET "/assets/jquery_ujs.js?body=1" for 127.0.0.1 at 2011-12-07 13:10:54 +0900
Served asset /jquery_ujs.js - 304 Not Modified (0ms)


Started GET "/assets/application.js?body=1" for 127.0.0.1 at 2011-12-07 13:10:54 +0900
Served asset /application.js - 304 Not Modified (0ms)


Started GET "/posts" for 127.0.0.1 at 2011-12-07 13:10:57 +0900
  Processing by PostsController#index as HTML
  [1m[35mPost Load (0.1ms)[0m  SELECT "posts".* FROM "posts" 
Rendered posts/index.html.erb within layouts/application (6.6ms)
Completed 200 OK in 15ms (Views: 13.5ms | ActiveRecord: 0.4ms)


Started GET "/assets/application.css?body=1" for 127.0.0.1 at 2011-12-07 13:10:57 +0900
Served asset /application.css - 304 Not Modified (5ms)


Started GET "/assets/posts.css?body=1" for 127.0.0.1 at 2011-12-07 13:10:57 +0900
Served asset /posts.css - 304 Not Modified (0ms)


Started GET "/assets/scaffolds.css?body=1" for 127.0.0.1 at 2011-12-07 13:10:57 +0900
Served asset /scaffolds.css - 304 Not Modified (0ms)


Started GET "/assets/jquery.js?body=1" for 127.0.0.1 at 2011-12-07 13:10:57 +0900
Served asset /jquery.js - 304 Not Modified (0ms)


Started GET "/assets/jquery_ujs.js?body=1" for 127.0.0.1 at 2011-12-07 13:10:57 +0900
Served asset /jquery_ujs.js - 304 Not Modified (0ms)


Started GET "/assets/posts.js?body=1" for 127.0.0.1 at 2011-12-07 13:10:57 +0900
Served asset /posts.js - 304 Not Modified (2ms)


Started GET "/assets/application.js?body=1" for 127.0.0.1 at 2011-12-07 13:10:57 +0900
Served asset /application.js - 304 Not Modified (0ms)


Started GET "/posts" for 127.0.0.1 at 2011-12-07 13:16:20 +0900
  Processing by PostsController#index as HTML
  [1m[36mPost Load (0.2ms)[0m  [1mSELECT "posts".* FROM "posts" [0m
Rendered posts/index.html.erb within layouts/application (11.5ms)
Completed 200 OK in 42ms (Views: 40.2ms | ActiveRecord: 0.3ms)


Started GET "/assets/application.css?body=1" for 127.0.0.1 at 2011-12-07 13:16:21 +0900
Served asset /application.css - 304 Not Modified (27ms)


Started GET "/assets/posts.css?body=1" for 127.0.0.1 at 2011-12-07 13:16:21 +0900
Served asset /posts.css - 304 Not Modified (4ms)


Started GET "/assets/jquery_ujs.js?body=1" for 127.0.0.1 at 2011-12-07 13:16:21 +0900
Served asset /jquery_ujs.js - 304 Not Modified (2ms)


Started GET "/assets/jquery.js?body=1" for 127.0.0.1 at 2011-12-07 13:16:21 +0900
Served asset /jquery.js - 304 Not Modified (2ms)


Started GET "/assets/scaffolds.css?body=1" for 127.0.0.1 at 2011-12-07 13:16:21 +0900
Served asset /scaffolds.css - 304 Not Modified (1ms)


Started GET "/assets/posts.js?body=1" for 127.0.0.1 at 2011-12-07 13:16:21 +0900
Served asset /posts.js - 304 Not Modified (3ms)


Started GET "/assets/application.js?body=1" for 127.0.0.1 at 2011-12-07 13:16:21 +0900
Served asset /application.js - 304 Not Modified (1ms)


Started GET "/posts/3" for 127.0.0.1 at 2011-12-07 13:16:25 +0900
  Processing by PostsController#show as HTML
  Parameters: {"id"=>"3"}
  [1m[35mPost Load (0.2ms)[0m  SELECT "posts".* FROM "posts" WHERE "posts"."id" = ? LIMIT 1  [["id", "3"]]
Rendered posts/show.html.erb within layouts/application (6.9ms)
Completed 200 OK in 18ms (Views: 15.4ms | ActiveRecord: 0.6ms)


Started GET "/assets/application.css?body=1" for 127.0.0.1 at 2011-12-07 13:16:25 +0900
Served asset /application.css - 304 Not Modified (2ms)


Started GET "/assets/posts.css?body=1" for 127.0.0.1 at 2011-12-07 13:16:25 +0900
Served asset /posts.css - 304 Not Modified (1ms)


Started GET "/assets/scaffolds.css?body=1" for 127.0.0.1 at 2011-12-07 13:16:25 +0900
Served asset /scaffolds.css - 304 Not Modified (1ms)


Started GET "/assets/jquery_ujs.js?body=1" for 127.0.0.1 at 2011-12-07 13:16:25 +0900
Served asset /jquery_ujs.js - 304 Not Modified (0ms)


Started GET "/assets/jquery.js?body=1" for 127.0.0.1 at 2011-12-07 13:16:25 +0900
Served asset /jquery.js - 304 Not Modified (0ms)


Started GET "/assets/posts.js?body=1" for 127.0.0.1 at 2011-12-07 13:16:25 +0900
Served asset /posts.js - 304 Not Modified (0ms)


Started GET "/assets/application.js?body=1" for 127.0.0.1 at 2011-12-07 13:16:25 +0900
Served asset /application.js - 304 Not Modified (0ms)


Started GET "/posts" for 127.0.0.1 at 2011-12-07 13:16:26 +0900
  Processing by PostsController#index as HTML
  [1m[36mPost Load (0.1ms)[0m  [1mSELECT "posts".* FROM "posts" [0m
Rendered posts/index.html.erb within layouts/application (8.6ms)
Completed 200 OK in 18ms (Views: 16.1ms | ActiveRecord: 0.5ms)


Started GET "/assets/jquery.js?body=1" for 127.0.0.1 at 2011-12-07 13:16:27 +0900
Served asset /jquery.js - 304 Not Modified (0ms)


Started GET "/assets/posts.js?body=1" for 127.0.0.1 at 2011-12-07 13:16:27 +0900
Served asset /posts.js - 304 Not Modified (0ms)


Started GET "/assets/posts.css?body=1" for 127.0.0.1 at 2011-12-07 13:16:27 +0900
Served asset /posts.css - 304 Not Modified (1ms)


Started GET "/assets/jquery_ujs.js?body=1" for 127.0.0.1 at 2011-12-07 13:16:27 +0900
Served asset /jquery_ujs.js - 304 Not Modified (0ms)


Started GET "/assets/application.css?body=1" for 127.0.0.1 at 2011-12-07 13:16:27 +0900
Served asset /application.css - 304 Not Modified (1ms)


Started GET "/assets/scaffolds.css?body=1" for 127.0.0.1 at 2011-12-07 13:16:27 +0900
Served asset /scaffolds.css - 304 Not Modified (0ms)


Started GET "/assets/application.js?body=1" for 127.0.0.1 at 2011-12-07 13:16:27 +0900
Served asset /application.js - 304 Not Modified (0ms)


Started GET "/assets/rails.png" for 127.0.0.1 at 2011-12-07 13:22:33 +0900
Served asset /rails.png - 304 Not Modified (6ms)


Started GET "/rails/info/properties" for 127.0.0.1 at 2011-12-07 13:22:34 +0900
  [1m[36m (0.1ms)[0m  [1mSELECT "schema_migrations"."version" FROM "schema_migrations" [0m
  Processing by Rails::InfoController#properties as */*
Rendered inline template (2.7ms)
Completed 200 OK in 29ms (Views: 28.9ms | ActiveRecord: 0.0ms)


Started GET "/posts/new" for 127.0.0.1 at 2011-12-07 13:22:37 +0900
  Processing by PostsController#new as HTML
Rendered posts/_form.html.erb (26.1ms)
Rendered posts/new.html.erb within layouts/application (30.9ms)
Completed 200 OK in 50ms (Views: 48.9ms | ActiveRecord: 0.2ms)


Started GET "/assets/posts.css?body=1" for 127.0.0.1 at 2011-12-07 13:22:37 +0900
Served asset /posts.css - 304 Not Modified (1ms)


Started GET "/assets/posts.js?body=1" for 127.0.0.1 at 2011-12-07 13:22:37 +0900
Served asset /posts.js - 304 Not Modified (1ms)


Started GET "/assets/scaffolds.css?body=1" for 127.0.0.1 at 2011-12-07 13:22:37 +0900
Served asset /scaffolds.css - 304 Not Modified (3ms)


Started GET "/assets/application.css?body=1" for 127.0.0.1 at 2011-12-07 13:22:37 +0900
Served asset /application.css - 304 Not Modified (1ms)


Started GET "/assets/jquery.js?body=1" for 127.0.0.1 at 2011-12-07 13:22:37 +0900
Served asset /jquery.js - 304 Not Modified (20ms)


Started GET "/assets/jquery_ujs.js?body=1" for 127.0.0.1 at 2011-12-07 13:22:37 +0900
Served asset /jquery_ujs.js - 304 Not Modified (2ms)


Started GET "/assets/application.js?body=1" for 127.0.0.1 at 2011-12-07 13:22:37 +0900
Served asset /application.js - 304 Not Modified (0ms)


Started GET "/posts/" for 127.0.0.1 at 2011-12-07 13:22:40 +0900
  Processing by PostsController#index as HTML
  [1m[35mPost Load (0.1ms)[0m  SELECT "posts".* FROM "posts" 
Rendered posts/index.html.erb within layouts/application (14.0ms)
Completed 200 OK in 24ms (Views: 22.7ms | ActiveRecord: 0.4ms)


Started GET "/assets/application.css?body=1" for 127.0.0.1 at 2011-12-07 13:22:40 +0900
Served asset /application.css - 304 Not Modified (1ms)


Started GET "/assets/posts.css?body=1" for 127.0.0.1 at 2011-12-07 13:22:40 +0900
Served asset /posts.css - 304 Not Modified (4ms)


Started GET "/assets/jquery.js?body=1" for 127.0.0.1 at 2011-12-07 13:22:40 +0900
Served asset /jquery.js - 304 Not Modified (0ms)


Started GET "/assets/scaffolds.css?body=1" for 127.0.0.1 at 2011-12-07 13:22:40 +0900
Served asset /scaffolds.css - 304 Not Modified (0ms)


Started GET "/assets/jquery_ujs.js?body=1" for 127.0.0.1 at 2011-12-07 13:22:40 +0900
Served asset /jquery_ujs.js - 304 Not Modified (0ms)


Started GET "/assets/posts.js?body=1" for 127.0.0.1 at 2011-12-07 13:22:40 +0900
Served asset /posts.js - 304 Not Modified (0ms)


Started GET "/assets/application.js?body=1" for 127.0.0.1 at 2011-12-07 13:22:40 +0900
Served asset /application.js - 304 Not Modified (0ms)
  [1m[36m (0.1ms)[0m  [1mSELECT "schema_migrations"."version" FROM "schema_migrations" [0m
Migrating to CreatePosts (20111205013755)
Migrating to CreateComments (20111207042334)
  [1m[35m (0.0ms)[0m  select sqlite_version(*)
  [1m[36m (0.4ms)[0m  [1mCREATE TABLE "comments" ("id" INTEGER PRIMARY KEY AUTOINCREMENT NOT NULL, "post_id" integer, "comment" varchar(255), "name" varchar(255), "created_at" datetime, "updated_at" datetime) [0m
  [1m[35m (0.0ms)[0m  PRAGMA index_list("comments")
  [1m[36m (0.1ms)[0m  [1mCREATE INDEX "index_comments_on_post_id" ON "comments" ("post_id")[0m
  [1m[35m (0.1ms)[0m  INSERT INTO "schema_migrations" ("version") VALUES ('20111207042334')
  [1m[36m (0.3ms)[0m  [1mselect sqlite_version(*)[0m
  [1m[35m (0.1ms)[0m  SELECT "schema_migrations"."version" FROM "schema_migrations" 
  [1m[36m (0.0ms)[0m  [1mPRAGMA index_list("comments")[0m
  [1m[35m (0.0ms)[0m  PRAGMA index_info('index_comments_on_post_id')
  [1m[36m (0.0ms)[0m  [1mPRAGMA index_list("posts")[0m
  [1m[36m (0.1ms)[0m  [1mSELECT "schema_migrations"."version" FROM "schema_migrations" [0m
  [1m[35m (0.1ms)[0m  select sqlite_version(*)
  [1m[36m (1.3ms)[0m  [1mCREATE TABLE "comments" ("id" INTEGER PRIMARY KEY AUTOINCREMENT NOT NULL, "post_id" integer, "comment" varchar(255), "name" varchar(255), "created_at" datetime, "updated_at" datetime) [0m
  [1m[35m (0.0ms)[0m  PRAGMA index_list("comments")
  [1m[36m (1.2ms)[0m  [1mCREATE INDEX "index_comments_on_post_id" ON "comments" ("post_id")[0m
  [1m[35m (1.1ms)[0m  CREATE TABLE "posts" ("id" INTEGER PRIMARY KEY AUTOINCREMENT NOT NULL, "title" varchar(255), "body" text, "created_at" datetime, "updated_at" datetime) 
  [1m[36m (1.0ms)[0m  [1mCREATE TABLE "schema_migrations" ("version" varchar(255) NOT NULL) [0m
  [1m[35m (0.0ms)[0m  PRAGMA index_list("schema_migrations")
  [1m[36m (1.2ms)[0m  [1mCREATE UNIQUE INDEX "unique_schema_migrations" ON "schema_migrations" ("version")[0m
  [1m[35m (0.1ms)[0m  SELECT version FROM "schema_migrations"
  [1m[36m (1.0ms)[0m  [1mINSERT INTO "schema_migrations" (version) VALUES ('20111207042334')[0m
  [1m[35m (1.1ms)[0m  INSERT INTO "schema_migrations" (version) VALUES ('20111205013755')
  [1m[36m (0.1ms)[0m  [1mSELECT "schema_migrations"."version" FROM "schema_migrations" [0m
  [1m[35m (0.2ms)[0m  select sqlite_version(*)
  [1m[36m (1.4ms)[0m  [1mCREATE TABLE "comments" ("id" INTEGER PRIMARY KEY AUTOINCREMENT NOT NULL, "post_id" integer, "comment" varchar(255), "name" varchar(255), "created_at" datetime, "updated_at" datetime) [0m
  [1m[35m (0.0ms)[0m  PRAGMA index_list("comments")
  [1m[36m (1.2ms)[0m  [1mCREATE INDEX "index_comments_on_post_id" ON "comments" ("post_id")[0m
  [1m[35m (1.2ms)[0m  CREATE TABLE "posts" ("id" INTEGER PRIMARY KEY AUTOINCREMENT NOT NULL, "title" varchar(255), "body" text, "created_at" datetime, "updated_at" datetime) 
  [1m[36m (1.1ms)[0m  [1mCREATE TABLE "schema_migrations" ("version" varchar(255) NOT NULL) [0m
  [1m[35m (0.0ms)[0m  PRAGMA index_list("schema_migrations")
  [1m[36m (1.2ms)[0m  [1mCREATE UNIQUE INDEX "unique_schema_migrations" ON "schema_migrations" ("version")[0m
  [1m[35m (0.1ms)[0m  SELECT version FROM "schema_migrations"
  [1m[36m (1.2ms)[0m  [1mINSERT INTO "schema_migrations" (version) VALUES ('20111207042334')[0m
  [1m[35m (1.0ms)[0m  INSERT INTO "schema_migrations" (version) VALUES ('20111205013755')


Started GET "/assets/rails.png" for 127.0.0.1 at 2011-12-07 13:36:34 +0900
Served asset /rails.png - 304 Not Modified (3ms)


Started GET "/rails/info/properties" for 127.0.0.1 at 2011-12-07 13:36:35 +0900
  [1m[36m (0.1ms)[0m  [1mSELECT "schema_migrations"."version" FROM "schema_migrations" [0m
  Processing by Rails::InfoController#properties as */*
Rendered inline template (2.8ms)
Completed 200 OK in 31ms (Views: 31.0ms | ActiveRecord: 0.0ms)


Started GET "/posts/new" for 127.0.0.1 at 2011-12-07 13:36:37 +0900
  Processing by PostsController#new as HTML
Rendered posts/_form.html.erb (9.0ms)
Rendered posts/new.html.erb within layouts/application (32.1ms)
Compiled application.css  (1ms)  (pid 3695)
Compiled comments.css  (2ms)  (pid 3695)
Compiled application.js  (4ms)  (pid 3695)
Compiled comments.js  (89ms)  (pid 3695)
Completed 200 OK in 219ms (Views: 218.3ms | ActiveRecord: 0.2ms)


Started GET "/assets/application.css?body=1" for 127.0.0.1 at 2011-12-07 13:36:38 +0900
Served asset /application.css - 304 Not Modified (0ms)


Started GET "/assets/posts.css?body=1" for 127.0.0.1 at 2011-12-07 13:36:38 +0900
Served asset /posts.css - 304 Not Modified (3ms)


Started GET "/assets/comments.css?body=1" for 127.0.0.1 at 2011-12-07 13:36:38 +0900
Served asset /comments.css - 200 OK (2ms)


Started GET "/assets/scaffolds.css?body=1" for 127.0.0.1 at 2011-12-07 13:36:38 +0900
Served asset /scaffolds.css - 304 Not Modified (5ms)


Started GET "/assets/jquery.js?body=1" for 127.0.0.1 at 2011-12-07 13:36:38 +0900
Served asset /jquery.js - 304 Not Modified (2ms)


Started GET "/assets/jquery_ujs.js?body=1" for 127.0.0.1 at 2011-12-07 13:36:38 +0900
Served asset /jquery_ujs.js - 304 Not Modified (2ms)


Started GET "/assets/comments.js?body=1" for 127.0.0.1 at 2011-12-07 13:36:38 +0900
Served asset /comments.js - 200 OK (2ms)


Started GET "/assets/application.js?body=1" for 127.0.0.1 at 2011-12-07 13:36:38 +0900
Served asset /application.js - 200 OK (1ms)


Started GET "/assets/posts.js?body=1" for 127.0.0.1 at 2011-12-07 13:36:38 +0900
Served asset /posts.js - 304 Not Modified (2ms)


Started GET "/posts/" for 127.0.0.1 at 2011-12-07 13:36:42 +0900
  Processing by PostsController#index as HTML
  [1m[35mPost Load (0.1ms)[0m  SELECT "posts".* FROM "posts" 
Rendered posts/index.html.erb within layouts/application (9.1ms)
Completed 200 OK in 18ms (Views: 16.4ms | ActiveRecord: 0.4ms)


Started GET "/assets/application.css?body=1" for 127.0.0.1 at 2011-12-07 13:36:42 +0900
Served asset /application.css - 304 Not Modified (1ms)


Started GET "/assets/posts.css?body=1" for 127.0.0.1 at 2011-12-07 13:36:42 +0900
Served asset /posts.css - 304 Not Modified (0ms)


Started GET "/assets/jquery.js?body=1" for 127.0.0.1 at 2011-12-07 13:36:42 +0900
Served asset /jquery.js - 304 Not Modified (0ms)


Started GET "/assets/posts.js?body=1" for 127.0.0.1 at 2011-12-07 13:36:42 +0900
Served asset /posts.js - 304 Not Modified (0ms)


Started GET "/assets/scaffolds.css?body=1" for 127.0.0.1 at 2011-12-07 13:36:42 +0900
Served asset /scaffolds.css - 304 Not Modified (0ms)


Started GET "/assets/jquery_ujs.js?body=1" for 127.0.0.1 at 2011-12-07 13:36:42 +0900
Served asset /jquery_ujs.js - 304 Not Modified (0ms)


Started GET "/posts/2" for 127.0.0.1 at 2011-12-07 13:36:44 +0900
  Processing by PostsController#show as HTML
  Parameters: {"id"=>"2"}
  [1m[36mPost Load (0.3ms)[0m  [1mSELECT "posts".* FROM "posts" WHERE "posts"."id" = ? LIMIT 1[0m  [["id", "2"]]
  [1m[35mComment Load (0.2ms)[0m  SELECT "comments".* FROM "comments" WHERE "comments"."post_id" = 2
  [1m[36mPost Load (0.2ms)[0m  [1mSELECT "posts".* FROM "posts" WHERE "posts"."id" = 2 LIMIT 1[0m
Rendered comments/_comment.html.erb (13.5ms)
Rendered posts/show.html.erb within layouts/application (95.0ms)
Completed 200 OK in 109ms (Views: 104.3ms | ActiveRecord: 1.6ms)


Started GET "/assets/application.css?body=1" for 127.0.0.1 at 2011-12-07 13:36:44 +0900
Served asset /application.css - 304 Not Modified (1ms)


Started GET "/assets/posts.css?body=1" for 127.0.0.1 at 2011-12-07 13:36:44 +0900
Served asset /posts.css - 304 Not Modified (0ms)


Started GET "/assets/scaffolds.css?body=1" for 127.0.0.1 at 2011-12-07 13:36:44 +0900
Served asset /scaffolds.css - 304 Not Modified (0ms)


Started GET "/assets/jquery_ujs.js?body=1" for 127.0.0.1 at 2011-12-07 13:36:44 +0900
Served asset /jquery_ujs.js - 304 Not Modified (0ms)


Started GET "/assets/jquery.js?body=1" for 127.0.0.1 at 2011-12-07 13:36:44 +0900
Served asset /jquery.js - 304 Not Modified (0ms)


Started GET "/assets/posts.js?body=1" for 127.0.0.1 at 2011-12-07 13:36:44 +0900
Served asset /posts.js - 304 Not Modified (29ms)


Started GET "/posts/3" for 127.0.0.1 at 2011-12-07 13:36:49 +0900
  Processing by PostsController#show as HTML
  Parameters: {"id"=>"3"}
  [1m[35mPost Load (0.2ms)[0m  SELECT "posts".* FROM "posts" WHERE "posts"."id" = ? LIMIT 1  [["id", "3"]]
  [1m[36mComment Load (0.2ms)[0m  [1mSELECT "comments".* FROM "comments" WHERE "comments"."post_id" = 3[0m
  [1m[35mPost Load (0.2ms)[0m  SELECT "posts".* FROM "posts" WHERE "posts"."id" = 3 LIMIT 1
Rendered comments/_comment.html.erb (3.8ms)
Rendered posts/show.html.erb within layouts/application (26.5ms)
Completed 200 OK in 36ms (Views: 33.1ms | ActiveRecord: 1.1ms)


Started GET "/assets/application.css?body=1" for 127.0.0.1 at 2011-12-07 13:36:49 +0900
Served asset /application.css - 304 Not Modified (1ms)


Started GET "/assets/posts.css?body=1" for 127.0.0.1 at 2011-12-07 13:36:49 +0900
Served asset /posts.css - 304 Not Modified (0ms)


Started GET "/assets/scaffolds.css?body=1" for 127.0.0.1 at 2011-12-07 13:36:49 +0900
Served asset /scaffolds.css - 304 Not Modified (2ms)


Started GET "/assets/jquery.js?body=1" for 127.0.0.1 at 2011-12-07 13:36:49 +0900
Served asset /jquery.js - 304 Not Modified (0ms)


Started GET "/assets/jquery_ujs.js?body=1" for 127.0.0.1 at 2011-12-07 13:36:49 +0900
Served asset /jquery_ujs.js - 304 Not Modified (0ms)


Started GET "/assets/posts.js?body=1" for 127.0.0.1 at 2011-12-07 13:36:49 +0900
Served asset /posts.js - 304 Not Modified (0ms)


Started POST "/posts/3/comments" for 127.0.0.1 at 2011-12-07 13:37:05 +0900
  Processing by CommentsController#create as HTML
  Parameters: {"utf8"=>"âœ“", "authenticity_token"=>"zcK8udH6YZ0QnVhpaQGej0Pa7zjx+MseoqJoagqPcRk=", "comment"=>{"comment"=>"hi !!", "name"=>"paul"}, "commit"=>"Create Comment", "post_id"=>"3"}
  [1m[36mPost Load (0.1ms)[0m  [1mSELECT "posts".* FROM "posts" WHERE "posts"."id" = ? LIMIT 1[0m  [["id", "3"]]
  [1m[35mSQL (6.6ms)[0m  INSERT INTO "comments" ("comment", "created_at", "name", "post_id", "updated_at") VALUES (?, ?, ?, ?, ?)  [["comment", "hi !!"], ["created_at", Wed, 07 Dec 2011 04:37:06 UTC +00:00], ["name", "paul"], ["post_id", 3], ["updated_at", Wed, 07 Dec 2011 04:37:06 UTC +00:00]]
Redirected to http://localhost:3000/posts/3
Completed 302 Found in 32ms


Started GET "/posts/3" for 127.0.0.1 at 2011-12-07 13:37:06 +0900
  Processing by PostsController#show as HTML
  Parameters: {"id"=>"3"}
  [1m[36mPost Load (0.1ms)[0m  [1mSELECT "posts".* FROM "posts" WHERE "posts"."id" = ? LIMIT 1[0m  [["id", "3"]]
  [1m[35mComment Load (0.2ms)[0m  SELECT "comments".* FROM "comments" WHERE "comments"."post_id" = 3
  [1m[36mPost Load (0.1ms)[0m  [1mSELECT "posts".* FROM "posts" WHERE "posts"."id" = 3 LIMIT 1[0m
Rendered comments/_comment.html.erb (3.8ms)
Rendered posts/show.html.erb within layouts/application (47.2ms)
Completed 200 OK in 56ms (Views: 53.4ms | ActiveRecord: 1.1ms)


Started GET "/assets/application.css?body=1" for 127.0.0.1 at 2011-12-07 13:37:06 +0900
Served asset /application.css - 304 Not Modified (1ms)


Started GET "/assets/posts.css?body=1" for 127.0.0.1 at 2011-12-07 13:37:06 +0900
Served asset /posts.css - 304 Not Modified (2ms)


Started GET "/assets/scaffolds.css?body=1" for 127.0.0.1 at 2011-12-07 13:37:06 +0900
Served asset /scaffolds.css - 304 Not Modified (1ms)


Started GET "/assets/jquery.js?body=1" for 127.0.0.1 at 2011-12-07 13:37:06 +0900
Served asset /jquery.js - 304 Not Modified (0ms)


Started GET "/assets/jquery_ujs.js?body=1" for 127.0.0.1 at 2011-12-07 13:37:06 +0900
Served asset /jquery_ujs.js - 304 Not Modified (0ms)


Started GET "/assets/posts.js?body=1" for 127.0.0.1 at 2011-12-07 13:37:06 +0900
Served asset /posts.js - 304 Not Modified (0ms)


Started POST "/posts/3/comments" for 127.0.0.1 at 2011-12-07 13:37:19 +0900
  Processing by CommentsController#create as HTML
  Parameters: {"utf8"=>"âœ“", "authenticity_token"=>"zcK8udH6YZ0QnVhpaQGej0Pa7zjx+MseoqJoagqPcRk=", "comment"=>{"comment"=>"oh my god !!", "name"=>"testman"}, "commit"=>"Create Comment", "post_id"=>"3"}
  [1m[35mPost Load (0.2ms)[0m  SELECT "posts".* FROM "posts" WHERE "posts"."id" = ? LIMIT 1  [["id", "3"]]
  [1m[36mSQL (0.6ms)[0m  [1mINSERT INTO "comments" ("comment", "created_at", "name", "post_id", "updated_at") VALUES (?, ?, ?, ?, ?)[0m  [["comment", "oh my god !!"], ["created_at", Wed, 07 Dec 2011 04:37:19 UTC +00:00], ["name", "testman"], ["post_id", 3], ["updated_at", Wed, 07 Dec 2011 04:37:19 UTC +00:00]]
Redirected to http://localhost:3000/posts/3
Completed 302 Found in 31ms


Started GET "/posts/3" for 127.0.0.1 at 2011-12-07 13:37:19 +0900
  Processing by PostsController#show as HTML
  Parameters: {"id"=>"3"}
  [1m[35mPost Load (0.2ms)[0m  SELECT "posts".* FROM "posts" WHERE "posts"."id" = ? LIMIT 1  [["id", "3"]]
  [1m[36mComment Load (0.2ms)[0m  [1mSELECT "comments".* FROM "comments" WHERE "comments"."post_id" = 3[0m
  [1m[35mPost Load (0.1ms)[0m  SELECT "posts".* FROM "posts" WHERE "posts"."id" = 3 LIMIT 1
Rendered comments/_comment.html.erb (3.7ms)
Rendered posts/show.html.erb within layouts/application (23.5ms)
Completed 200 OK in 32ms (Views: 29.7ms | ActiveRecord: 1.0ms)


Started GET "/assets/application.css?body=1" for 127.0.0.1 at 2011-12-07 13:37:19 +0900
Served asset /application.css - 304 Not Modified (7ms)


Started GET "/assets/jquery.js?body=1" for 127.0.0.1 at 2011-12-07 13:37:19 +0900
Served asset /jquery.js - 304 Not Modified (0ms)


Started GET "/assets/posts.css?body=1" for 127.0.0.1 at 2011-12-07 13:37:19 +0900
Served asset /posts.css - 304 Not Modified (0ms)


Started GET "/assets/scaffolds.css?body=1" for 127.0.0.1 at 2011-12-07 13:37:19 +0900
Served asset /scaffolds.css - 304 Not Modified (0ms)


Started GET "/assets/jquery_ujs.js?body=1" for 127.0.0.1 at 2011-12-07 13:37:19 +0900
Served asset /jquery_ujs.js - 304 Not Modified (0ms)


Started GET "/assets/posts.js?body=1" for 127.0.0.1 at 2011-12-07 13:37:19 +0900
Served asset /posts.js - 304 Not Modified (0ms)


Started GET "/posts/" for 127.0.0.1 at 2011-12-07 13:38:26 +0900
  Processing by PostsController#index as HTML
  [1m[36mPost Load (0.2ms)[0m  [1mSELECT "posts".* FROM "posts" [0m
Rendered posts/index.html.erb within layouts/application (12.0ms)
Completed 200 OK in 42ms (Views: 40.5ms | ActiveRecord: 0.4ms)


Started GET "/assets/comments.css?body=1" for 127.0.0.1 at 2011-12-07 13:38:27 +0900
Served asset /comments.css - 304 Not Modified (2ms)


Started GET "/assets/application.css?body=1" for 127.0.0.1 at 2011-12-07 13:38:27 +0900
Served asset /application.css - 304 Not Modified (3ms)


Started GET "/assets/posts.css?body=1" for 127.0.0.1 at 2011-12-07 13:38:27 +0900
Served asset /posts.css - 304 Not Modified (5ms)


Started GET "/assets/scaffolds.css?body=1" for 127.0.0.1 at 2011-12-07 13:38:27 +0900
Served asset /scaffolds.css - 304 Not Modified (1ms)


Started GET "/assets/jquery.js?body=1" for 127.0.0.1 at 2011-12-07 13:38:27 +0900
Served asset /jquery.js - 304 Not Modified (4ms)


Started GET "/assets/jquery_ujs.js?body=1" for 127.0.0.1 at 2011-12-07 13:38:27 +0900
Served asset /jquery_ujs.js - 304 Not Modified (3ms)


Started GET "/assets/comments.js?body=1" for 127.0.0.1 at 2011-12-07 13:38:27 +0900
Served asset /comments.js - 304 Not Modified (1ms)


Started GET "/assets/posts.js?body=1" for 127.0.0.1 at 2011-12-07 13:38:27 +0900
Served asset /posts.js - 304 Not Modified (2ms)


Started GET "/assets/application.js?body=1" for 127.0.0.1 at 2011-12-07 13:38:27 +0900
Served asset /application.js - 304 Not Modified (0ms)


Started GET "/posts/3" for 127.0.0.1 at 2011-12-07 13:38:30 +0900
  Processing by PostsController#show as HTML
  Parameters: {"id"=>"3"}
  [1m[35mPost Load (0.2ms)[0m  SELECT "posts".* FROM "posts" WHERE "posts"."id" = ? LIMIT 1  [["id", "3"]]
  [1m[36mComment Load (0.2ms)[0m  [1mSELECT "comments".* FROM "comments" WHERE "comments"."post_id" = 3[0m
  [1m[35mPost Load (0.2ms)[0m  SELECT "posts".* FROM "posts" WHERE "posts"."id" = 3 LIMIT 1
Rendered comments/_comment.html.erb (28.0ms)
Rendered posts/show.html.erb within layouts/application (71.8ms)
Completed 200 OK in 102ms (Views: 98.8ms | ActiveRecord: 1.2ms)


Started GET "/assets/application.css?body=1" for 127.0.0.1 at 2011-12-07 13:38:30 +0900
Served asset /application.css - 304 Not Modified (1ms)


Started GET "/assets/comments.css?body=1" for 127.0.0.1 at 2011-12-07 13:38:30 +0900
Served asset /comments.css - 304 Not Modified (0ms)


Started GET "/assets/posts.css?body=1" for 127.0.0.1 at 2011-12-07 13:38:30 +0900
Served asset /posts.css - 304 Not Modified (2ms)


Started GET "/assets/jquery.js?body=1" for 127.0.0.1 at 2011-12-07 13:38:30 +0900
Served asset /jquery.js - 304 Not Modified (0ms)


Started GET "/assets/scaffolds.css?body=1" for 127.0.0.1 at 2011-12-07 13:38:30 +0900
Served asset /scaffolds.css - 304 Not Modified (1ms)


Started GET "/assets/jquery_ujs.js?body=1" for 127.0.0.1 at 2011-12-07 13:38:30 +0900
Served asset /jquery_ujs.js - 304 Not Modified (0ms)


Started GET "/assets/comments.js?body=1" for 127.0.0.1 at 2011-12-07 13:38:30 +0900
Served asset /comments.js - 304 Not Modified (0ms)


Started GET "/assets/posts.js?body=1" for 127.0.0.1 at 2011-12-07 13:38:30 +0900
Served asset /posts.js - 304 Not Modified (0ms)


Started GET "/assets/application.js?body=1" for 127.0.0.1 at 2011-12-07 13:38:30 +0900
Served asset /application.js - 304 Not Modified (0ms)


Started GET "/posts/3" for 127.0.0.1 at 2011-12-07 20:27:33 +0900

ArgumentError (unknown encoding name: undecided):
  app/controllers/posts_controller.rb:1

Rendered /Users/yokmiyabi/.rvm/gems/ruby-1.9.3-p0@rails3/gems/actionpack-3.1.3/lib/action_dispatch/middleware/templates/rescues/_trace.erb (1.3ms)
Rendered /Users/yokmiyabi/.rvm/gems/ruby-1.9.3-p0@rails3/gems/actionpack-3.1.3/lib/action_dispatch/middleware/templates/rescues/_request_and_response.erb (3.1ms)
Rendered /Users/yokmiyabi/.rvm/gems/ruby-1.9.3-p0@rails3/gems/actionpack-3.1.3/lib/action_dispatch/middleware/templates/rescues/diagnostics.erb within rescues/layout (10.8ms)


Started GET "/posts/" for 127.0.0.1 at 2011-12-07 20:27:34 +0900

ArgumentError (unknown encoding name: undecided):
  app/controllers/posts_controller.rb:1

Rendered /Users/yokmiyabi/.rvm/gems/ruby-1.9.3-p0@rails3/gems/actionpack-3.1.3/lib/action_dispatch/middleware/templates/rescues/_trace.erb (2.0ms)
Rendered /Users/yokmiyabi/.rvm/gems/ruby-1.9.3-p0@rails3/gems/actionpack-3.1.3/lib/action_dispatch/middleware/templates/rescues/_request_and_response.erb (1.4ms)
Rendered /Users/yokmiyabi/.rvm/gems/ruby-1.9.3-p0@rails3/gems/actionpack-3.1.3/lib/action_dispatch/middleware/templates/rescues/diagnostics.erb within rescues/layout (6.8ms)
  [1m[36m (1.6ms)[0m  [1mSELECT "schema_migrations"."version" FROM "schema_migrations" [0m
  [1m[35m (0.8ms)[0m  select sqlite_version(*)
  [1m[36m (1.6ms)[0m  [1mCREATE TABLE "comments" ("id" INTEGER PRIMARY KEY AUTOINCREMENT NOT NULL, "post_id" integer, "comment" varchar(255), "name" varchar(255), "created_at" datetime, "updated_at" datetime) [0m
  [1m[35m (0.0ms)[0m  PRAGMA index_list("comments")
  [1m[36m (1.3ms)[0m  [1mCREATE INDEX "index_comments_on_post_id" ON "comments" ("post_id")[0m
  [1m[35m (1.1ms)[0m  CREATE TABLE "posts" ("id" INTEGER PRIMARY KEY AUTOINCREMENT NOT NULL, "title" varchar(255), "body" text, "created_at" datetime, "updated_at" datetime) 
  [1m[36m (1.0ms)[0m  [1mCREATE TABLE "schema_migrations" ("version" varchar(255) NOT NULL) [0m
  [1m[35m (0.1ms)[0m  PRAGMA index_list("schema_migrations")
  [1m[36m (1.0ms)[0m  [1mCREATE UNIQUE INDEX "unique_schema_migrations" ON "schema_migrations" ("version")[0m
  [1m[35m (0.1ms)[0m  SELECT version FROM "schema_migrations"
  [1m[36m (1.2ms)[0m  [1mINSERT INTO "schema_migrations" (version) VALUES ('20111207042334')[0m
  [1m[35m (0.8ms)[0m  INSERT INTO "schema_migrations" (version) VALUES ('20111205013755')
  [1m[36m (0.1ms)[0m  [1mSELECT "schema_migrations"."version" FROM "schema_migrations" [0m
  [1m[35m (0.2ms)[0m  select sqlite_version(*)
  [1m[36m (2.3ms)[0m  [1mCREATE TABLE "comments" ("id" INTEGER PRIMARY KEY AUTOINCREMENT NOT NULL, "post_id" integer, "comment" varchar(255), "name" varchar(255), "created_at" datetime, "updated_at" datetime) [0m
  [1m[35m (0.0ms)[0m  PRAGMA index_list("comments")
  [1m[36m (1.0ms)[0m  [1mCREATE INDEX "index_comments_on_post_id" ON "comments" ("post_id")[0m
  [1m[35m (1.2ms)[0m  CREATE TABLE "posts" ("id" INTEGER PRIMARY KEY AUTOINCREMENT NOT NULL, "title" varchar(255), "body" text, "created_at" datetime, "updated_at" datetime) 
  [1m[36m (1.1ms)[0m  [1mCREATE TABLE "schema_migrations" ("version" varchar(255) NOT NULL) [0m
  [1m[35m (0.0ms)[0m  PRAGMA index_list("schema_migrations")
  [1m[36m (0.9ms)[0m  [1mCREATE UNIQUE INDEX "unique_schema_migrations" ON "schema_migrations" ("version")[0m
  [1m[35m (0.1ms)[0m  SELECT version FROM "schema_migrations"
  [1m[36m (1.2ms)[0m  [1mINSERT INTO "schema_migrations" (version) VALUES ('20111207042334')[0m
  [1m[35m (0.8ms)[0m  INSERT INTO "schema_migrations" (version) VALUES ('20111205013755')


Started GET "/posts/" for 127.0.0.1 at 2011-12-07 20:31:16 +0900
  Processing by PostsController#index as HTML
  [1m[36mPost Load (4.4ms)[0m  [1mSELECT "posts".* FROM "posts" [0m
Rendered posts/index.html.erb within layouts/application (5.2ms)
Completed 500 Internal Server Error in 24ms

ActionView::Template::Error (Your template was not saved as valid UTF-8. Please either specify UTF-8 as the encoding for your template in your text editor, or mark the template with its encoding by inserting the following as the first line of the template:

# encoding: <name of correct encoding>.

The source of your template was:

<h1>Listing posts</h1>

<%= form_for @search_form, :url => posts_path, :html => {:method => :get} do |f| %>
  <%= f.search_field :q %>
  <%= f.submit '¸¡º÷' %>
<% end %>

<table>
  <tr>
    <th>Title</th>
    <th>Body</th>
    <th></th>
    <th></th>
    <th></th>
  </tr>

<% @posts.each do |post| %>
  <tr>
    <td><%= post.title %></td>
    <td><%= post.body %></td>
    <td><%= link_to 'Show', post %></td>
    <td><%= link_to 'Edit', edit_post_path(post) %></td>
    <td><%= link_to 'Destroy', post, :confirm => 'Are you sure?', :method => :delete %></td>
  </tr>
<% end %>
</table>

<br />

<%= link_to 'New Post', new_post_path %>
):
  app/controllers/posts_controller.rb:8:in `index'

Rendered /Users/yokmiyabi/.rvm/gems/ruby-1.9.3-p0@rails3/gems/actionpack-3.1.3/lib/action_dispatch/middleware/templates/rescues/_trace.erb (1.3ms)
Rendered /Users/yokmiyabi/.rvm/gems/ruby-1.9.3-p0@rails3/gems/actionpack-3.1.3/lib/action_dispatch/middleware/templates/rescues/_request_and_response.erb (0.9ms)
Rendered /Users/yokmiyabi/.rvm/gems/ruby-1.9.3-p0@rails3/gems/actionpack-3.1.3/lib/action_dispatch/middleware/templates/rescues/template_error.erb within rescues/layout (7.6ms)


Started GET "/posts/" for 127.0.0.1 at 2011-12-08 02:52:52 +0900
  Processing by PostsController#index as HTML
  [1m[35mPost Load (0.6ms)[0m  SELECT "posts".* FROM "posts" 
Rendered posts/index.html.erb within layouts/application (0.7ms)
Completed 500 Internal Server Error in 13ms

ActionView::Template::Error (invalid byte sequence in UTF-8):
  app/controllers/posts_controller.rb:8:in `index'

Rendered /Users/yokmiyabi/.rvm/gems/ruby-1.9.3-p0@rails3/gems/actionpack-3.1.3/lib/action_dispatch/middleware/templates/rescues/_trace.erb (1.6ms)
Rendered /Users/yokmiyabi/.rvm/gems/ruby-1.9.3-p0@rails3/gems/actionpack-3.1.3/lib/action_dispatch/middleware/templates/rescues/_request_and_response.erb (1.1ms)
Rendered /Users/yokmiyabi/.rvm/gems/ruby-1.9.3-p0@rails3/gems/actionpack-3.1.3/lib/action_dispatch/middleware/templates/rescues/template_error.erb within rescues/layout (7.4ms)


Started GET "/assets/rails.png" for 127.0.0.1 at 2011-12-08 12:36:11 +0900
Served asset /rails.png - 200 OK (6ms)


Started GET "/rails/info/properties" for 127.0.0.1 at 2011-12-08 12:36:12 +0900
  [1m[36m (0.6ms)[0m  [1mSELECT "schema_migrations"."version" FROM "schema_migrations" [0m
  Processing by Rails::InfoController#properties as */*
Rendered inline template (3.1ms)
Completed 200 OK in 31ms (Views: 31.0ms | ActiveRecord: 0.0ms)


Started GET "/posts/" for 127.0.0.1 at 2011-12-08 12:36:15 +0900
  Processing by PostsController#index as HTML
  [1m[35mPost Load (0.6ms)[0m  SELECT "posts".* FROM "posts" 
Rendered posts/index.html.erb within layouts/application (23.0ms)
Completed 500 Internal Server Error in 29ms

ActionView::Template::Error (Your template was not saved as valid UTF-8. Please either specify UTF-8 as the encoding for your template in your text editor, or mark the template with its encoding by inserting the following as the first line of the template:

# encoding: <name of correct encoding>.

The source of your template was:

<h1>Listing posts</h1>

<%= form_for @search_form, :url => posts_path, :html => {:method => :get} do |f| %>
  <%= f.search_field :q %>
  <%= f.submit '¸¡º÷' %>
<% end %>

<table>
  <tr>
    <th>Title</th>
    <th>Body</th>
    <th></th>
    <th></th>
    <th></th>
  </tr>

<% @posts.each do |post| %>
  <tr>
    <td><%= post.title %></td>
    <td><%= post.body %></td>
    <td><%= link_to 'Show', post %></td>
    <td><%= link_to 'Edit', edit_post_path(post) %></td>
    <td><%= link_to 'Destroy', post, :confirm => 'Are you sure?', :method => :delete %></td>
  </tr>
<% end %>
</table>

<br />

<%= link_to 'New Post', new_post_path %>
):
  app/controllers/posts_controller.rb:8:in `index'

Rendered /Users/yokmiyabi/.rvm/gems/ruby-1.9.3-p0@rails3/gems/actionpack-3.1.3/lib/action_dispatch/middleware/templates/rescues/_trace.erb (1.3ms)
Rendered /Users/yokmiyabi/.rvm/gems/ruby-1.9.3-p0@rails3/gems/actionpack-3.1.3/lib/action_dispatch/middleware/templates/rescues/_request_and_response.erb (1.0ms)
Rendered /Users/yokmiyabi/.rvm/gems/ruby-1.9.3-p0@rails3/gems/actionpack-3.1.3/lib/action_dispatch/middleware/templates/rescues/template_error.erb within rescues/layout (6.1ms)


Started GET "/blog_app" for 127.0.0.1 at 2011-12-08 12:36:25 +0900

ActionController::RoutingError (No route matches [GET] "/blog_app"):
  

Rendered /Users/yokmiyabi/.rvm/gems/ruby-1.9.3-p0@rails3/gems/actionpack-3.1.3/lib/action_dispatch/middleware/templates/rescues/routing_error.erb within rescues/layout (0.7ms)


Started GET "/posts/" for 127.0.0.1 at 2011-12-08 12:36:36 +0900
  Processing by PostsController#index as HTML
  [1m[36mPost Load (0.2ms)[0m  [1mSELECT "posts".* FROM "posts" [0m
Rendered posts/index.html.erb within layouts/application (0.7ms)
Completed 500 Internal Server Error in 8ms

ActionView::Template::Error (invalid byte sequence in UTF-8):
  app/controllers/posts_controller.rb:8:in `index'

Rendered /Users/yokmiyabi/.rvm/gems/ruby-1.9.3-p0@rails3/gems/actionpack-3.1.3/lib/action_dispatch/middleware/templates/rescues/_trace.erb (1.3ms)
Rendered /Users/yokmiyabi/.rvm/gems/ruby-1.9.3-p0@rails3/gems/actionpack-3.1.3/lib/action_dispatch/middleware/templates/rescues/_request_and_response.erb (1.0ms)
Rendered /Users/yokmiyabi/.rvm/gems/ruby-1.9.3-p0@rails3/gems/actionpack-3.1.3/lib/action_dispatch/middleware/templates/rescues/template_error.erb within rescues/layout (5.0ms)


Started GET "/posts/" for 127.0.0.1 at 2011-12-08 12:47:01 +0900
  Processing by PostsController#index as HTML
  [1m[36mPost Load (0.2ms)[0m  [1mSELECT "posts".* FROM "posts" [0m
Rendered posts/index.html.erb within layouts/application (8.4ms)
Completed 500 Internal Server Error in 22ms

ActionView::Template::Error (undefined method `model_name' for NilClass:Class):
    1: <h1>Listing posts</h1>
    2: 
    3: <%= form_for @search_form, :url => posts_path, :html => {:method => :get} do |f| %>
    4:   <%= f.search_field :q %>
    5:   <%= f.submit 'æ¤œç´¢' %>
    6: <% end %>
  app/views/posts/index.html.erb:3:in `_app_views_posts_index_html_erb__2207466528500179819_70314549931280'
  app/controllers/posts_controller.rb:8:in `index'

Rendered /Users/yokmiyabi/.rvm/gems/ruby-1.9.3-p0@rails3/gems/actionpack-3.1.3/lib/action_dispatch/middleware/templates/rescues/_trace.erb (1.4ms)
Rendered /Users/yokmiyabi/.rvm/gems/ruby-1.9.3-p0@rails3/gems/actionpack-3.1.3/lib/action_dispatch/middleware/templates/rescues/_request_and_response.erb (0.9ms)
Rendered /Users/yokmiyabi/.rvm/gems/ruby-1.9.3-p0@rails3/gems/actionpack-3.1.3/lib/action_dispatch/middleware/templates/rescues/template_error.erb within rescues/layout (4.6ms)
  [1m[36m (0.1ms)[0m  [1mSELECT "schema_migrations"."version" FROM "schema_migrations" [0m
  [1m[35m (0.2ms)[0m  select sqlite_version(*)
  [1m[36m (1.3ms)[0m  [1mCREATE TABLE "comments" ("id" INTEGER PRIMARY KEY AUTOINCREMENT NOT NULL, "post_id" integer, "comment" varchar(255), "name" varchar(255), "created_at" datetime, "updated_at" datetime) [0m
  [1m[35m (0.0ms)[0m  PRAGMA index_list("comments")
  [1m[36m (0.9ms)[0m  [1mCREATE INDEX "index_comments_on_post_id" ON "comments" ("post_id")[0m
  [1m[35m (1.1ms)[0m  CREATE TABLE "posts" ("id" INTEGER PRIMARY KEY AUTOINCREMENT NOT NULL, "title" varchar(255), "body" text, "created_at" datetime, "updated_at" datetime) 
  [1m[36m (1.1ms)[0m  [1mCREATE TABLE "schema_migrations" ("version" varchar(255) NOT NULL) [0m
  [1m[35m (0.0ms)[0m  PRAGMA index_list("schema_migrations")
  [1m[36m (1.2ms)[0m  [1mCREATE UNIQUE INDEX "unique_schema_migrations" ON "schema_migrations" ("version")[0m
  [1m[35m (0.1ms)[0m  SELECT version FROM "schema_migrations"
  [1m[36m (1.1ms)[0m  [1mINSERT INTO "schema_migrations" (version) VALUES ('20111207042334')[0m
  [1m[35m (1.1ms)[0m  INSERT INTO "schema_migrations" (version) VALUES ('20111205013755')
  [1m[36m (0.5ms)[0m  [1mSELECT "schema_migrations"."version" FROM "schema_migrations" [0m
  [1m[35m (1.2ms)[0m  select sqlite_version(*)
  [1m[36m (1.2ms)[0m  [1mCREATE TABLE "comments" ("id" INTEGER PRIMARY KEY AUTOINCREMENT NOT NULL, "post_id" integer, "comment" varchar(255), "name" varchar(255), "created_at" datetime, "updated_at" datetime) [0m
  [1m[35m (0.0ms)[0m  PRAGMA index_list("comments")
  [1m[36m (1.1ms)[0m  [1mCREATE INDEX "index_comments_on_post_id" ON "comments" ("post_id")[0m
  [1m[35m (1.3ms)[0m  CREATE TABLE "posts" ("id" INTEGER PRIMARY KEY AUTOINCREMENT NOT NULL, "title" varchar(255), "body" text, "created_at" datetime, "updated_at" datetime) 
  [1m[36m (1.2ms)[0m  [1mCREATE TABLE "schema_migrations" ("version" varchar(255) NOT NULL) [0m
  [1m[35m (0.0ms)[0m  PRAGMA index_list("schema_migrations")
  [1m[36m (1.1ms)[0m  [1mCREATE UNIQUE INDEX "unique_schema_migrations" ON "schema_migrations" ("version")[0m
  [1m[35m (0.1ms)[0m  SELECT version FROM "schema_migrations"
  [1m[36m (1.0ms)[0m  [1mINSERT INTO "schema_migrations" (version) VALUES ('20111207042334')[0m
  [1m[35m (0.9ms)[0m  INSERT INTO "schema_migrations" (version) VALUES ('20111205013755')
  [1m[36m (0.1ms)[0m  [1mSELECT "schema_migrations"."version" FROM "schema_migrations" [0m
  [1m[35m (0.2ms)[0m  select sqlite_version(*)
  [1m[36m (1.3ms)[0m  [1mCREATE TABLE "comments" ("id" INTEGER PRIMARY KEY AUTOINCREMENT NOT NULL, "post_id" integer, "comment" varchar(255), "name" varchar(255), "created_at" datetime, "updated_at" datetime) [0m
  [1m[35m (0.0ms)[0m  PRAGMA index_list("comments")
  [1m[36m (1.2ms)[0m  [1mCREATE INDEX "index_comments_on_post_id" ON "comments" ("post_id")[0m
  [1m[35m (1.0ms)[0m  CREATE TABLE "posts" ("id" INTEGER PRIMARY KEY AUTOINCREMENT NOT NULL, "title" varchar(255), "body" text, "created_at" datetime, "updated_at" datetime) 
  [1m[36m (1.2ms)[0m  [1mCREATE TABLE "schema_migrations" ("version" varchar(255) NOT NULL) [0m
  [1m[35m (0.1ms)[0m  PRAGMA index_list("schema_migrations")
  [1m[36m (1.2ms)[0m  [1mCREATE UNIQUE INDEX "unique_schema_migrations" ON "schema_migrations" ("version")[0m
  [1m[35m (0.1ms)[0m  SELECT version FROM "schema_migrations"
  [1m[36m (1.1ms)[0m  [1mINSERT INTO "schema_migrations" (version) VALUES ('20111207042334')[0m
  [1m[35m (1.1ms)[0m  INSERT INTO "schema_migrations" (version) VALUES ('20111205013755')
  [1m[36m (0.2ms)[0m  [1mSELECT "schema_migrations"."version" FROM "schema_migrations" [0m
  [1m[35m (0.2ms)[0m  select sqlite_version(*)
  [1m[36m (1.1ms)[0m  [1mCREATE TABLE "comments" ("id" INTEGER PRIMARY KEY AUTOINCREMENT NOT NULL, "post_id" integer, "comment" varchar(255), "name" varchar(255), "created_at" datetime, "updated_at" datetime) [0m
  [1m[35m (0.0ms)[0m  PRAGMA index_list("comments")
  [1m[36m (1.0ms)[0m  [1mCREATE INDEX "index_comments_on_post_id" ON "comments" ("post_id")[0m
  [1m[35m (1.1ms)[0m  CREATE TABLE "posts" ("id" INTEGER PRIMARY KEY AUTOINCREMENT NOT NULL, "title" varchar(255), "body" text, "created_at" datetime, "updated_at" datetime) 
  [1m[36m (1.0ms)[0m  [1mCREATE TABLE "schema_migrations" ("version" varchar(255) NOT NULL) [0m
  [1m[35m (0.1ms)[0m  PRAGMA index_list("schema_migrations")
  [1m[36m (1.3ms)[0m  [1mCREATE UNIQUE INDEX "unique_schema_migrations" ON "schema_migrations" ("version")[0m
  [1m[35m (0.1ms)[0m  SELECT version FROM "schema_migrations"
  [1m[36m (0.8ms)[0m  [1mINSERT INTO "schema_migrations" (version) VALUES ('20111207042334')[0m
  [1m[35m (0.9ms)[0m  INSERT INTO "schema_migrations" (version) VALUES ('20111205013755')
  [1m[36m (0.1ms)[0m  [1mSELECT "schema_migrations"."version" FROM "schema_migrations" [0m
  [1m[35m (0.2ms)[0m  select sqlite_version(*)
  [1m[36m (1.3ms)[0m  [1mCREATE TABLE "comments" ("id" INTEGER PRIMARY KEY AUTOINCREMENT NOT NULL, "post_id" integer, "comment" varchar(255), "name" varchar(255), "created_at" datetime, "updated_at" datetime) [0m
  [1m[35m (0.0ms)[0m  PRAGMA index_list("comments")
  [1m[36m (1.1ms)[0m  [1mCREATE INDEX "index_comments_on_post_id" ON "comments" ("post_id")[0m
  [1m[35m (1.1ms)[0m  CREATE TABLE "posts" ("id" INTEGER PRIMARY KEY AUTOINCREMENT NOT NULL, "title" varchar(255), "body" text, "created_at" datetime, "updated_at" datetime) 
  [1m[36m (1.3ms)[0m  [1mCREATE TABLE "schema_migrations" ("version" varchar(255) NOT NULL) [0m
  [1m[35m (0.1ms)[0m  PRAGMA index_list("schema_migrations")
  [1m[36m (1.0ms)[0m  [1mCREATE UNIQUE INDEX "unique_schema_migrations" ON "schema_migrations" ("version")[0m
  [1m[35m (0.1ms)[0m  SELECT version FROM "schema_migrations"
  [1m[36m (1.2ms)[0m  [1mINSERT INTO "schema_migrations" (version) VALUES ('20111207042334')[0m
  [1m[35m (1.1ms)[0m  INSERT INTO "schema_migrations" (version) VALUES ('20111205013755')
  [1m[36m (0.1ms)[0m  [1mSELECT "schema_migrations"."version" FROM "schema_migrations" [0m
  [1m[35m (0.3ms)[0m  select sqlite_version(*)
  [1m[36m (1.2ms)[0m  [1mCREATE TABLE "comments" ("id" INTEGER PRIMARY KEY AUTOINCREMENT NOT NULL, "post_id" integer, "comment" varchar(255), "name" varchar(255), "created_at" datetime, "updated_at" datetime) [0m
  [1m[35m (0.0ms)[0m  PRAGMA index_list("comments")
  [1m[36m (1.0ms)[0m  [1mCREATE INDEX "index_comments_on_post_id" ON "comments" ("post_id")[0m
  [1m[35m (1.2ms)[0m  CREATE TABLE "posts" ("id" INTEGER PRIMARY KEY AUTOINCREMENT NOT NULL, "title" varchar(255), "body" text, "created_at" datetime, "updated_at" datetime) 
  [1m[36m (1.1ms)[0m  [1mCREATE TABLE "schema_migrations" ("version" varchar(255) NOT NULL) [0m
  [1m[35m (0.1ms)[0m  PRAGMA index_list("schema_migrations")
  [1m[36m (1.4ms)[0m  [1mCREATE UNIQUE INDEX "unique_schema_migrations" ON "schema_migrations" ("version")[0m
  [1m[35m (0.1ms)[0m  SELECT version FROM "schema_migrations"
  [1m[36m (1.2ms)[0m  [1mINSERT INTO "schema_migrations" (version) VALUES ('20111207042334')[0m
  [1m[35m (1.1ms)[0m  INSERT INTO "schema_migrations" (version) VALUES ('20111205013755')
  [1m[36m (0.1ms)[0m  [1mSELECT "schema_migrations"."version" FROM "schema_migrations" [0m
  [1m[35m (0.2ms)[0m  select sqlite_version(*)
  [1m[36m (1.3ms)[0m  [1mCREATE TABLE "comments" ("id" INTEGER PRIMARY KEY AUTOINCREMENT NOT NULL, "post_id" integer, "comment" varchar(255), "name" varchar(255), "created_at" datetime, "updated_at" datetime) [0m
  [1m[35m (0.0ms)[0m  PRAGMA index_list("comments")
  [1m[36m (0.9ms)[0m  [1mCREATE INDEX "index_comments_on_post_id" ON "comments" ("post_id")[0m
  [1m[35m (1.0ms)[0m  CREATE TABLE "posts" ("id" INTEGER PRIMARY KEY AUTOINCREMENT NOT NULL, "title" varchar(255), "body" text, "created_at" datetime, "updated_at" datetime) 
  [1m[36m (1.0ms)[0m  [1mCREATE TABLE "schema_migrations" ("version" varchar(255) NOT NULL) [0m
  [1m[35m (0.1ms)[0m  PRAGMA index_list("schema_migrations")
  [1m[36m (1.3ms)[0m  [1mCREATE UNIQUE INDEX "unique_schema_migrations" ON "schema_migrations" ("version")[0m
  [1m[35m (0.1ms)[0m  SELECT version FROM "schema_migrations"
  [1m[36m (1.1ms)[0m  [1mINSERT INTO "schema_migrations" (version) VALUES ('20111207042334')[0m
  [1m[35m (0.8ms)[0m  INSERT INTO "schema_migrations" (version) VALUES ('20111205013755')
  [1m[36m (0.1ms)[0m  [1mSELECT "schema_migrations"."version" FROM "schema_migrations" [0m
  [1m[35m (0.2ms)[0m  select sqlite_version(*)
  [1m[36m (2.5ms)[0m  [1mCREATE TABLE "comments" ("id" INTEGER PRIMARY KEY AUTOINCREMENT NOT NULL, "post_id" integer, "comment" varchar(255), "name" varchar(255), "created_at" datetime, "updated_at" datetime) [0m
  [1m[35m (0.0ms)[0m  PRAGMA index_list("comments")
  [1m[36m (1.3ms)[0m  [1mCREATE INDEX "index_comments_on_post_id" ON "comments" ("post_id")[0m
  [1m[35m (1.0ms)[0m  CREATE TABLE "posts" ("id" INTEGER PRIMARY KEY AUTOINCREMENT NOT NULL, "title" varchar(255), "body" text, "created_at" datetime, "updated_at" datetime) 
  [1m[36m (1.2ms)[0m  [1mCREATE TABLE "schema_migrations" ("version" varchar(255) NOT NULL) [0m
  [1m[35m (0.0ms)[0m  PRAGMA index_list("schema_migrations")
  [1m[36m (1.1ms)[0m  [1mCREATE UNIQUE INDEX "unique_schema_migrations" ON "schema_migrations" ("version")[0m
  [1m[35m (0.1ms)[0m  SELECT version FROM "schema_migrations"
  [1m[36m (1.2ms)[0m  [1mINSERT INTO "schema_migrations" (version) VALUES ('20111207042334')[0m
  [1m[35m (1.1ms)[0m  INSERT INTO "schema_migrations" (version) VALUES ('20111205013755')


Started GET "/assets/rails.png" for 127.0.0.1 at 2011-12-08 18:46:02 +0900
Served asset /rails.png - 304 Not Modified (5ms)


Started GET "/rails/info/properties" for 127.0.0.1 at 2011-12-08 18:46:03 +0900
  [1m[36m (0.1ms)[0m  [1mSELECT "schema_migrations"."version" FROM "schema_migrations" [0m
  Processing by Rails::InfoController#properties as */*
Rendered inline template (2.5ms)
Completed 200 OK in 30ms (Views: 29.5ms | ActiveRecord: 0.0ms)


Started GET "/rails/info/properties" for 127.0.0.1 at 2011-12-08 18:46:03 +0900
  Processing by Rails::InfoController#properties as */*
Rendered inline template (0.4ms)
Completed 200 OK in 1ms (Views: 0.8ms | ActiveRecord: 0.0ms)


Started GET "/posts/" for 127.0.0.1 at 2011-12-08 18:46:06 +0900
  Processing by PostsController#index as HTML
  [1m[35mPost Load (0.6ms)[0m  SELECT "posts".* FROM "posts" 
Rendered posts/index.html.erb within layouts/application (30.6ms)
Completed 200 OK in 68ms (Views: 65.4ms | ActiveRecord: 0.7ms)


Started GET "/assets/application.css?body=1" for 127.0.0.1 at 2011-12-08 18:46:06 +0900
Served asset /application.css - 200 OK (4ms)


Started GET "/assets/posts.css?body=1" for 127.0.0.1 at 2011-12-08 18:46:06 +0900
Served asset /posts.css - 200 OK (2ms)


Started GET "/assets/scaffolds.css?body=1" for 127.0.0.1 at 2011-12-08 18:46:06 +0900
Served asset /scaffolds.css - 200 OK (2ms)


Started GET "/assets/jquery.js?body=1" for 127.0.0.1 at 2011-12-08 18:46:06 +0900
Served asset /jquery.js - 200 OK (5ms)


Started GET "/assets/jquery_ujs.js?body=1" for 127.0.0.1 at 2011-12-08 18:46:06 +0900
Served asset /jquery_ujs.js - 200 OK (3ms)


Started GET "/assets/comments.css?body=1" for 127.0.0.1 at 2011-12-08 18:46:06 +0900
Served asset /comments.css - 200 OK (2ms)


Started GET "/assets/comments.js?body=1" for 127.0.0.1 at 2011-12-08 18:46:06 +0900
Served asset /comments.js - 304 Not Modified (2ms)


Started GET "/assets/posts.js?body=1" for 127.0.0.1 at 2011-12-08 18:46:06 +0900
Served asset /posts.js - 200 OK (2ms)


Started GET "/assets/application.js?body=1" for 127.0.0.1 at 2011-12-08 18:46:06 +0900
Served asset /application.js - 200 OK (0ms)


Started GET "/posts/" for 127.0.0.1 at 2011-12-08 18:46:58 +0900
  Processing by PostsController#index as HTML
  [1m[36mPost Load (0.1ms)[0m  [1mSELECT "posts".* FROM "posts" [0m
Rendered posts/index.html.erb within layouts/application (12.9ms)
Completed 200 OK in 24ms (Views: 21.0ms | ActiveRecord: 0.4ms)


Started GET "/assets/application.css?body=1" for 127.0.0.1 at 2011-12-08 18:46:58 +0900
Served asset /application.css - 304 Not Modified (1ms)


Started GET "/assets/comments.css?body=1" for 127.0.0.1 at 2011-12-08 18:46:58 +0900
Served asset /comments.css - 304 Not Modified (0ms)


Started GET "/assets/posts.css?body=1" for 127.0.0.1 at 2011-12-08 18:46:58 +0900
Served asset /posts.css - 304 Not Modified (0ms)


Started GET "/assets/scaffolds.css?body=1" for 127.0.0.1 at 2011-12-08 18:46:58 +0900
Served asset /scaffolds.css - 304 Not Modified (0ms)


Started GET "/assets/jquery.js?body=1" for 127.0.0.1 at 2011-12-08 18:46:58 +0900
Served asset /jquery.js - 304 Not Modified (0ms)


Started GET "/assets/jquery_ujs.js?body=1" for 127.0.0.1 at 2011-12-08 18:46:58 +0900
Served asset /jquery_ujs.js - 304 Not Modified (0ms)


Started GET "/assets/comments.js?body=1" for 127.0.0.1 at 2011-12-08 18:46:58 +0900
Served asset /comments.js - 304 Not Modified (0ms)


Started GET "/assets/posts.js?body=1" for 127.0.0.1 at 2011-12-08 18:46:58 +0900
Served asset /posts.js - 304 Not Modified (25ms)


Started GET "/assets/application.js?body=1" for 127.0.0.1 at 2011-12-08 18:46:58 +0900
Served asset /application.js - 304 Not Modified (0ms)


Started GET "/posts/new" for 127.0.0.1 at 2011-12-08 18:47:07 +0900
  Processing by PostsController#new as HTML
Rendered posts/_form.html.erb (9.0ms)
Rendered posts/new.html.erb within layouts/application (16.1ms)
Completed 200 OK in 25ms (Views: 23.9ms | ActiveRecord: 0.2ms)


Started GET "/assets/application.css?body=1" for 127.0.0.1 at 2011-12-08 18:47:07 +0900
Served asset /application.css - 304 Not Modified (0ms)


Started GET "/assets/comments.css?body=1" for 127.0.0.1 at 2011-12-08 18:47:07 +0900
Served asset /comments.css - 304 Not Modified (0ms)


Started GET "/assets/posts.css?body=1" for 127.0.0.1 at 2011-12-08 18:47:07 +0900
Served asset /posts.css - 304 Not Modified (1ms)


Started GET "/assets/scaffolds.css?body=1" for 127.0.0.1 at 2011-12-08 18:47:07 +0900
Served asset /scaffolds.css - 304 Not Modified (0ms)


Started GET "/assets/comments.js?body=1" for 127.0.0.1 at 2011-12-08 18:47:07 +0900
Served asset /comments.js - 304 Not Modified (0ms)


Started GET "/assets/jquery.js?body=1" for 127.0.0.1 at 2011-12-08 18:47:07 +0900
Served asset /jquery.js - 304 Not Modified (0ms)


Started GET "/assets/jquery_ujs.js?body=1" for 127.0.0.1 at 2011-12-08 18:47:07 +0900
Served asset /jquery_ujs.js - 304 Not Modified (0ms)


Started GET "/assets/posts.js?body=1" for 127.0.0.1 at 2011-12-08 18:47:07 +0900
Served asset /posts.js - 304 Not Modified (0ms)


Started GET "/assets/application.js?body=1" for 127.0.0.1 at 2011-12-08 18:47:07 +0900
Served asset /application.js - 304 Not Modified (0ms)


Started POST "/posts" for 127.0.0.1 at 2011-12-08 18:47:34 +0900
  Processing by PostsController#create as HTML
  Parameters: {"utf8"=>"âœ“", "authenticity_token"=>"X1oIOW2GXpnKDh00vDpktN/7RapBwPEK+uEd17r0YRM=", "post"=>{"title"=>"11-2nd", "body"=>"Peacock is 11-2nd HI!!!!!\r\nmy name is masahiro hachiya!!!\r\n"}, "commit"=>"Create Post"}
  [1m[35mSQL (7.1ms)[0m  INSERT INTO "posts" ("body", "created_at", "title", "updated_at") VALUES (?, ?, ?, ?)  [["body", "Peacock is 11-2nd HI!!!!!\r\nmy name is masahiro hachiya!!!\r\n"], ["created_at", Thu, 08 Dec 2011 09:47:34 UTC +00:00], ["title", "11-2nd"], ["updated_at", Thu, 08 Dec 2011 09:47:34 UTC +00:00]]
Redirected to http://localhost:3000/posts/4
Completed 302 Found in 17ms


Started GET "/posts/4" for 127.0.0.1 at 2011-12-08 18:47:34 +0900
  Processing by PostsController#show as HTML
  Parameters: {"id"=>"4"}
  [1m[36mPost Load (0.2ms)[0m  [1mSELECT "posts".* FROM "posts" WHERE "posts"."id" = ? LIMIT 1[0m  [["id", "4"]]
  [1m[35mComment Load (0.6ms)[0m  SELECT "comments".* FROM "comments" WHERE "comments"."post_id" = 4
  [1m[36mPost Load (0.2ms)[0m  [1mSELECT "posts".* FROM "posts" WHERE "posts"."id" = 4 LIMIT 1[0m
Rendered comments/_comment.html.erb (9.3ms)
Rendered posts/show.html.erb within layouts/application (76.7ms)
Completed 200 OK in 86ms (Views: 82.4ms | ActiveRecord: 1.6ms)


Started GET "/assets/application.css?body=1" for 127.0.0.1 at 2011-12-08 18:47:34 +0900
Served asset /application.css - 304 Not Modified (1ms)


Started GET "/assets/scaffolds.css?body=1" for 127.0.0.1 at 2011-12-08 18:47:35 +0900
Served asset /scaffolds.css - 304 Not Modified (2ms)


Started GET "/assets/posts.css?body=1" for 127.0.0.1 at 2011-12-08 18:47:35 +0900
Served asset /posts.css - 304 Not Modified (0ms)


Started GET "/assets/comments.css?body=1" for 127.0.0.1 at 2011-12-08 18:47:35 +0900
Served asset /comments.css - 304 Not Modified (0ms)


Started GET "/assets/comments.js?body=1" for 127.0.0.1 at 2011-12-08 18:47:35 +0900
Served asset /comments.js - 304 Not Modified (0ms)


Started GET "/assets/jquery.js?body=1" for 127.0.0.1 at 2011-12-08 18:47:35 +0900
Served asset /jquery.js - 304 Not Modified (0ms)


Started GET "/assets/jquery_ujs.js?body=1" for 127.0.0.1 at 2011-12-08 18:47:35 +0900
Served asset /jquery_ujs.js - 304 Not Modified (0ms)


Started GET "/assets/posts.js?body=1" for 127.0.0.1 at 2011-12-08 18:47:35 +0900
Served asset /posts.js - 304 Not Modified (0ms)


Started GET "/assets/application.js?body=1" for 127.0.0.1 at 2011-12-08 18:47:35 +0900
Served asset /application.js - 304 Not Modified (0ms)


Started GET "/posts" for 127.0.0.1 at 2011-12-08 18:47:41 +0900
  Processing by PostsController#index as HTML
  [1m[35mPost Load (0.1ms)[0m  SELECT "posts".* FROM "posts" 
Rendered posts/index.html.erb within layouts/application (12.0ms)
Completed 200 OK in 21ms (Views: 18.5ms | ActiveRecord: 0.5ms)


Started GET "/assets/application.css?body=1" for 127.0.0.1 at 2011-12-08 18:47:41 +0900
Served asset /application.css - 304 Not Modified (1ms)


Started GET "/assets/comments.css?body=1" for 127.0.0.1 at 2011-12-08 18:47:41 +0900
Served asset /comments.css - 304 Not Modified (0ms)


Started GET "/assets/posts.css?body=1" for 127.0.0.1 at 2011-12-08 18:47:41 +0900
Served asset /posts.css - 304 Not Modified (0ms)


Started GET "/assets/scaffolds.css?body=1" for 127.0.0.1 at 2011-12-08 18:47:41 +0900
Served asset /scaffolds.css - 304 Not Modified (3ms)


Started GET "/assets/jquery_ujs.js?body=1" for 127.0.0.1 at 2011-12-08 18:47:41 +0900
Served asset /jquery_ujs.js - 304 Not Modified (0ms)


Started GET "/assets/comments.js?body=1" for 127.0.0.1 at 2011-12-08 18:47:41 +0900
Served asset /comments.js - 304 Not Modified (0ms)


Started GET "/assets/jquery.js?body=1" for 127.0.0.1 at 2011-12-08 18:47:41 +0900
Served asset /jquery.js - 304 Not Modified (0ms)


Started GET "/assets/posts.js?body=1" for 127.0.0.1 at 2011-12-08 18:47:41 +0900
Served asset /posts.js - 304 Not Modified (0ms)


Started GET "/assets/application.js?body=1" for 127.0.0.1 at 2011-12-08 18:47:41 +0900
Served asset /application.js - 304 Not Modified (0ms)


Started GET "/posts/new" for 127.0.0.1 at 2011-12-08 18:47:43 +0900
  Processing by PostsController#new as HTML
Rendered posts/_form.html.erb (10.9ms)
Rendered posts/new.html.erb within layouts/application (12.1ms)
Completed 200 OK in 21ms (Views: 19.7ms | ActiveRecord: 0.3ms)


Started GET "/assets/posts.css?body=1" for 127.0.0.1 at 2011-12-08 18:47:43 +0900
Served asset /posts.css - 304 Not Modified (0ms)


Started GET "/assets/application.css?body=1" for 127.0.0.1 at 2011-12-08 18:47:43 +0900
Served asset /application.css - 304 Not Modified (0ms)


Started GET "/assets/jquery.js?body=1" for 127.0.0.1 at 2011-12-08 18:47:43 +0900
Served asset /jquery.js - 304 Not Modified (0ms)


Started GET "/assets/scaffolds.css?body=1" for 127.0.0.1 at 2011-12-08 18:47:43 +0900
Served asset /scaffolds.css - 304 Not Modified (0ms)


Started GET "/assets/jquery_ujs.js?body=1" for 127.0.0.1 at 2011-12-08 18:47:43 +0900
Served asset /jquery_ujs.js - 304 Not Modified (0ms)


Started GET "/assets/comments.css?body=1" for 127.0.0.1 at 2011-12-08 18:47:43 +0900
Served asset /comments.css - 304 Not Modified (0ms)


Started GET "/assets/comments.js?body=1" for 127.0.0.1 at 2011-12-08 18:47:43 +0900
Served asset /comments.js - 304 Not Modified (0ms)


Started GET "/assets/posts.js?body=1" for 127.0.0.1 at 2011-12-08 18:47:43 +0900
Served asset /posts.js - 304 Not Modified (0ms)


Started GET "/assets/application.js?body=1" for 127.0.0.1 at 2011-12-08 18:47:43 +0900
Served asset /application.js - 304 Not Modified (0ms)


Started POST "/posts" for 127.0.0.1 at 2011-12-08 18:48:04 +0900
  Processing by PostsController#create as HTML
  Parameters: {"utf8"=>"âœ“", "authenticity_token"=>"X1oIOW2GXpnKDh00vDpktN/7RapBwPEK+uEd17r0YRM=", "post"=>{"title"=>"Oh my god", "body"=>"i have lost my energy for working now."}, "commit"=>"Create Post"}
  [1m[36mSQL (0.5ms)[0m  [1mINSERT INTO "posts" ("body", "created_at", "title", "updated_at") VALUES (?, ?, ?, ?)[0m  [["body", "i have lost my energy for working now."], ["created_at", Thu, 08 Dec 2011 09:48:04 UTC +00:00], ["title", "Oh my god"], ["updated_at", Thu, 08 Dec 2011 09:48:04 UTC +00:00]]
Redirected to http://localhost:3000/posts/5
Completed 302 Found in 12ms


Started GET "/posts/5" for 127.0.0.1 at 2011-12-08 18:48:04 +0900
  Processing by PostsController#show as HTML
  Parameters: {"id"=>"5"}
  [1m[35mPost Load (0.1ms)[0m  SELECT "posts".* FROM "posts" WHERE "posts"."id" = ? LIMIT 1  [["id", "5"]]
  [1m[36mComment Load (0.2ms)[0m  [1mSELECT "comments".* FROM "comments" WHERE "comments"."post_id" = 5[0m
  [1m[35mPost Load (0.2ms)[0m  SELECT "posts".* FROM "posts" WHERE "posts"."id" = 5 LIMIT 1
Rendered comments/_comment.html.erb (4.4ms)
Rendered posts/show.html.erb within layouts/application (28.0ms)
Completed 200 OK in 36ms (Views: 33.8ms | ActiveRecord: 1.2ms)


Started GET "/assets/application.css?body=1" for 127.0.0.1 at 2011-12-08 18:48:04 +0900
Served asset /application.css - 304 Not Modified (27ms)


Started GET "/assets/comments.css?body=1" for 127.0.0.1 at 2011-12-08 18:48:04 +0900
Served asset /comments.css - 304 Not Modified (0ms)


Started GET "/assets/posts.css?body=1" for 127.0.0.1 at 2011-12-08 18:48:04 +0900
Served asset /posts.css - 304 Not Modified (0ms)


Started GET "/assets/jquery.js?body=1" for 127.0.0.1 at 2011-12-08 18:48:04 +0900
Served asset /jquery.js - 304 Not Modified (0ms)


Started GET "/assets/scaffolds.css?body=1" for 127.0.0.1 at 2011-12-08 18:48:04 +0900
Served asset /scaffolds.css - 304 Not Modified (1ms)


Started GET "/assets/jquery_ujs.js?body=1" for 127.0.0.1 at 2011-12-08 18:48:04 +0900
Served asset /jquery_ujs.js - 304 Not Modified (0ms)


Started GET "/assets/comments.js?body=1" for 127.0.0.1 at 2011-12-08 18:48:04 +0900
Served asset /comments.js - 304 Not Modified (0ms)


Started GET "/assets/posts.js?body=1" for 127.0.0.1 at 2011-12-08 18:48:04 +0900
Served asset /posts.js - 304 Not Modified (0ms)


Started GET "/assets/application.js?body=1" for 127.0.0.1 at 2011-12-08 18:48:04 +0900
Served asset /application.js - 304 Not Modified (0ms)


Started GET "/posts" for 127.0.0.1 at 2011-12-08 18:48:06 +0900
  Processing by PostsController#index as HTML
  [1m[36mPost Load (0.2ms)[0m  [1mSELECT "posts".* FROM "posts" [0m
Rendered posts/index.html.erb within layouts/application (17.0ms)
Completed 200 OK in 27ms (Views: 23.8ms | ActiveRecord: 0.6ms)


Started GET "/assets/application.css?body=1" for 127.0.0.1 at 2011-12-08 18:48:06 +0900
Served asset /application.css - 304 Not Modified (0ms)


Started GET "/assets/comments.css?body=1" for 127.0.0.1 at 2011-12-08 18:48:06 +0900
Served asset /comments.css - 304 Not Modified (0ms)


Started GET "/assets/posts.css?body=1" for 127.0.0.1 at 2011-12-08 18:48:06 +0900
Served asset /posts.css - 304 Not Modified (1ms)


Started GET "/assets/jquery.js?body=1" for 127.0.0.1 at 2011-12-08 18:48:06 +0900
Served asset /jquery.js - 304 Not Modified (0ms)


Started GET "/assets/scaffolds.css?body=1" for 127.0.0.1 at 2011-12-08 18:48:06 +0900
Served asset /scaffolds.css - 304 Not Modified (1ms)


Started GET "/assets/comments.js?body=1" for 127.0.0.1 at 2011-12-08 18:48:06 +0900
Served asset /comments.js - 304 Not Modified (0ms)


Started GET "/assets/jquery_ujs.js?body=1" for 127.0.0.1 at 2011-12-08 18:48:06 +0900
Served asset /jquery_ujs.js - 304 Not Modified (0ms)


Started GET "/assets/posts.js?body=1" for 127.0.0.1 at 2011-12-08 18:48:06 +0900
Served asset /posts.js - 304 Not Modified (0ms)


Started GET "/assets/application.js?body=1" for 127.0.0.1 at 2011-12-08 18:48:06 +0900
Served asset /application.js - 304 Not Modified (0ms)


Started GET "/posts?utf8=%E2%9C%93&search_form%5Bq%5D=hachiya&commit=%E6%A4%9C%E7%B4%A2" for 127.0.0.1 at 2011-12-08 18:48:10 +0900
  Processing by PostsController#index as HTML
  Parameters: {"utf8"=>"âœ“", "search_form"=>{"q"=>"hachiya"}, "commit"=>"æ¤œç´¢"}
  [1m[35mPost Load (0.2ms)[0m  SELECT "posts".* FROM "posts" WHERE (title like '%hachiya%' or body like '%hachiya%')
Rendered posts/index.html.erb within layouts/application (9.3ms)
Completed 200 OK in 18ms (Views: 15.9ms | ActiveRecord: 0.5ms)


Started GET "/assets/application.css?body=1" for 127.0.0.1 at 2011-12-08 18:48:10 +0900
Served asset /application.css - 304 Not Modified (1ms)


Started GET "/assets/comments.css?body=1" for 127.0.0.1 at 2011-12-08 18:48:10 +0900
Served asset /comments.css - 304 Not Modified (0ms)


Started GET "/assets/posts.css?body=1" for 127.0.0.1 at 2011-12-08 18:48:10 +0900
Served asset /posts.css - 304 Not Modified (0ms)


Started GET "/assets/scaffolds.css?body=1" for 127.0.0.1 at 2011-12-08 18:48:10 +0900
Served asset /scaffolds.css - 304 Not Modified (3ms)


Started GET "/assets/jquery_ujs.js?body=1" for 127.0.0.1 at 2011-12-08 18:48:10 +0900
Served asset /jquery_ujs.js - 304 Not Modified (0ms)


Started GET "/assets/jquery.js?body=1" for 127.0.0.1 at 2011-12-08 18:48:10 +0900
Served asset /jquery.js - 304 Not Modified (0ms)


Started GET "/assets/comments.js?body=1" for 127.0.0.1 at 2011-12-08 18:48:10 +0900
Served asset /comments.js - 304 Not Modified (0ms)


Started GET "/assets/posts.js?body=1" for 127.0.0.1 at 2011-12-08 18:48:10 +0900
Served asset /posts.js - 304 Not Modified (0ms)


Started GET "/assets/application.js?body=1" for 127.0.0.1 at 2011-12-08 18:48:10 +0900
Served asset /application.js - 304 Not Modified (0ms)


Started GET "/posts?utf8=%E2%9C%93&search_form%5Bq%5D=&commit=%E6%A4%9C%E7%B4%A2" for 127.0.0.1 at 2011-12-08 18:48:17 +0900
  Processing by PostsController#index as HTML
  Parameters: {"utf8"=>"âœ“", "search_form"=>{"q"=>""}, "commit"=>"æ¤œç´¢"}
  [1m[36mPost Load (0.2ms)[0m  [1mSELECT "posts".* FROM "posts" [0m
Rendered posts/index.html.erb within layouts/application (18.1ms)
Completed 200 OK in 28ms (Views: 24.9ms | ActiveRecord: 0.6ms)


Started GET "/assets/application.css?body=1" for 127.0.0.1 at 2011-12-08 18:48:17 +0900
Served asset /application.css - 304 Not Modified (18ms)


Started GET "/assets/posts.css?body=1" for 127.0.0.1 at 2011-12-08 18:48:17 +0900
Served asset /posts.css - 304 Not Modified (0ms)


Started GET "/assets/comments.css?body=1" for 127.0.0.1 at 2011-12-08 18:48:17 +0900
Served asset /comments.css - 304 Not Modified (0ms)


Started GET "/assets/jquery.js?body=1" for 127.0.0.1 at 2011-12-08 18:48:17 +0900
Served asset /jquery.js - 304 Not Modified (0ms)


Started GET "/assets/scaffolds.css?body=1" for 127.0.0.1 at 2011-12-08 18:48:17 +0900
Served asset /scaffolds.css - 304 Not Modified (0ms)


Started GET "/assets/jquery_ujs.js?body=1" for 127.0.0.1 at 2011-12-08 18:48:17 +0900
Served asset /jquery_ujs.js - 304 Not Modified (0ms)


Started GET "/assets/comments.js?body=1" for 127.0.0.1 at 2011-12-08 18:48:17 +0900
Served asset /comments.js - 304 Not Modified (0ms)


Started GET "/assets/posts.js?body=1" for 127.0.0.1 at 2011-12-08 18:48:17 +0900
Served asset /posts.js - 304 Not Modified (0ms)


Started GET "/assets/application.js?body=1" for 127.0.0.1 at 2011-12-08 18:48:17 +0900
Served asset /application.js - 304 Not Modified (1ms)
